{"logTime": "0822/005700", "correlationVector":"8CwTHoiDLNarx3vl3IKhZw.194","action":"GetUpdates", "result":"DeleteReceived", "context":{"id":"d5bb12ae-6610-4556-ad4a-c14783801b34", "isDeleted:":"true", "version":"1691626543081"}}
{"logTime": "0822/005700", "correlationVector":"8CwTHoiDLNarx3vl3IKhZw.195","action":"GetUpdates", "result":"DeleteReceived", "context":{"id":"89cfc2a8-f868-47e7-b022-b71d39607c2f", "isDeleted:":"true", "version":"1691626543082"}}
{"logTime": "0822/005700", "correlationVector":"8CwTHoiDLNarx3vl3IKhZw.196","action":"GetUpdates", "result":"DeleteReceived", "context":{"id":"6cf19903-d5fe-447b-a623-9d1535e8ba6f", "isDeleted:":"true", "version":"1691634063442"}}
{"logTime": "0822/005700", "correlationVector":"8CwTHoiDLNarx3vl3IKhZw.197","action":"GetUpdates", "result":"DeleteReceived", "context":{"id":"163a0e05-6da3-42a6-9d69-124bdc5f4510", "isDeleted:":"true", "version":"1691636576499"}}
{"logTime": "0822/005700", "correlationVector":"8CwTHoiDLNarx3vl3IKhZw.198","action":"GetUpdates", "result":"DeleteReceived", "context":{"id":"c6be99c2-ffdb-485d-8738-b2e82994c8ac", "isDeleted:":"true", "version":"1691640562850"}}
{"logTime": "0822/005700", "correlationVector":"8CwTHoiDLNarx3vl3IKhZw.199","action":"GetUpdates", "result":"DeleteReceived", "context":{"id":"5bf3662a-4717-4d41-8a28-e782df5c0c31", "isDeleted:":"true", "version":"1691640562851"}}
{"logTime": "0822/005700", "correlationVector":"8CwTHoiDLNarx3vl3IKhZw.200","action":"GetUpdates", "result":"DeleteReceived", "context":{"id":"a4ff4322-1d10-4ab8-b638-c66ca8313234", "isDeleted:":"true", "version":"1691644265051"}}
{"logTime": "0822/005700", "correlationVector":"8CwTHoiDLNarx3vl3IKhZw.201","action":"GetUpdates", "result":"DeleteReceived", "context":{"id":"6a53568e-6830-470f-9700-124a96d6017b", "isDeleted:":"true", "version":"1691644304669"}}
{"logTime": "0822/005700", "correlationVector":"8CwTHoiDLNarx3vl3IKhZw.202","action":"GetUpdates", "result":"DeleteReceived", "context":{"id":"6001b132-dced-49ad-a655-aa8335ae4bc9", "isDeleted:":"true", "version":"1691644385316"}}
{"logTime": "0822/005700", "correlationVector":"8CwTHoiDLNarx3vl3IKhZw.203","action":"GetUpdates", "result":"DeleteReceived", "context":{"id":"bef4ea39-ceab-47ae-bf9e-b8de3cca834f", "isDeleted:":"true", "version":"1691644385318"}}
{"logTime": "0822/005700", "correlationVector":"8CwTHoiDLNarx3vl3IKhZw.204","action":"GetUpdates", "result":"DeleteReceived", "context":{"id":"d987eb2b-5e17-4f47-8e10-b374bb0b062d", "isDeleted:":"true", "version":"1691644439961"}}
{"logTime": "0822/005700", "correlationVector":"8CwTHoiDLNarx3vl3IKhZw.205","action":"GetUpdates", "result":"DeleteReceived", "context":{"id":"2593ac62-2193-46bb-aa14-1373b6dc0b0d", "isDeleted:":"true", "version":"1691646564407"}}
{"logTime": "0822/005700", "correlationVector":"8CwTHoiDLNarx3vl3IKhZw.206","action":"GetUpdates", "result":"DeleteReceived", "context":{"id":"75127c27-1421-439f-bb82-0557f6bd558d", "isDeleted:":"true", "version":"1691646675890"}}
{"logTime": "0822/005700", "correlationVector":"8CwTHoiDLNarx3vl3IKhZw.207","action":"GetUpdates", "result":"DeleteReceived", "context":{"id":"1c3e0279-de1e-4a9c-b744-88dfdb7564e4", "isDeleted:":"true", "version":"1691646675891"}}
{"logTime": "0822/005700", "correlationVector":"8CwTHoiDLNarx3vl3IKhZw.208","action":"GetUpdates", "result":"DeleteReceived", "context":{"id":"26ff7578-9c1a-418a-bb14-33e8adda270b", "isDeleted:":"true", "version":"1691646675892"}}
{"logTime": "0822/005700", "correlationVector":"8CwTHoiDLNarx3vl3IKhZw.209","action":"GetUpdates", "result":"DeleteReceived", "context":{"id":"317ce1f9-4e6a-4a42-b053-26905a366a02", "isDeleted:":"true", "version":"1691646675894"}}
{"logTime": "0822/005700", "correlationVector":"8CwTHoiDLNarx3vl3IKhZw.210","action":"GetUpdates", "result":"DeleteReceived", "context":{"id":"2e9d2e0f-a6a8-4a9e-a29c-1be132e574ac", "isDeleted:":"true", "version":"1691646675895"}}
{"logTime": "0822/005700", "correlationVector":"8CwTHoiDLNarx3vl3IKhZw.211","action":"GetUpdates", "result":"DeleteReceived", "context":{"id":"fd82148f-4742-4e9a-abb5-905ccfbe5ed5", "isDeleted:":"true", "version":"1691646675896"}}
{"logTime": "0822/005700", "correlationVector":"8CwTHoiDLNarx3vl3IKhZw.212","action":"GetUpdates", "result":"DeleteReceived", "context":{"id":"a21f64cf-fc6d-438d-8e29-31f40ab6d308", "isDeleted:":"true", "version":"1691646675897"}}
{"logTime": "0822/005700", "correlationVector":"8CwTHoiDLNarx3vl3IKhZw.213","action":"GetUpdates", "result":"DeleteReceived", "context":{"id":"21a017a7-c892-49af-b176-34634f58736b", "isDeleted:":"true", "version":"1691646675898"}}
{"logTime": "0822/005700", "correlationVector":"8CwTHoiDLNarx3vl3IKhZw.214","action":"GetUpdates", "result":"DeleteReceived", "context":{"id":"9e866e52-2f77-4ac8-a771-041bb86f8cd6", "isDeleted:":"true", "version":"1691646675899"}}
{"logTime": "0822/005700", "correlationVector":"8CwTHoiDLNarx3vl3IKhZw.215","action":"GetUpdates", "result":"DeleteReceived", "context":{"id":"62887033-fd3b-4cf0-ae40-e07b0cbf086a", "isDeleted:":"true", "version":"1691646675900"}}
{"logTime": "0822/005700", "correlationVector":"8CwTHoiDLNarx3vl3IKhZw.216","action":"GetUpdates", "result":"DeleteReceived", "context":{"id":"424f148c-97b3-45ef-888d-36eea7b2d0a9", "isDeleted:":"true", "version":"1691646675901"}}
{"logTime": "0822/005700", "correlationVector":"8CwTHoiDLNarx3vl3IKhZw.217","action":"GetUpdates", "result":"DeleteReceived", "context":{"id":"ae639be9-713f-4de0-90b0-8681a790071f", "isDeleted:":"true", "version":"1691647169101"}}
{"logTime": "0822/005700", "correlationVector":"8CwTHoiDLNarx3vl3IKhZw.218","action":"GetUpdates", "result":"DeleteReceived", "context":{"id":"6dd66c8a-2b3a-4fca-9df8-41c189e20c70", "isDeleted:":"true", "version":"1691647169102"}}
{"logTime": "0822/005700", "correlationVector":"8CwTHoiDLNarx3vl3IKhZw.219","action":"GetUpdates", "result":"DeleteReceived", "context":{"id":"5fd7ae63-06d9-424c-9a1a-25e87d124952", "isDeleted:":"true", "version":"1691669208376"}}
{"logTime": "0822/005700", "correlationVector":"8CwTHoiDLNarx3vl3IKhZw.220","action":"GetUpdates", "result":"DeleteReceived", "context":{"id":"cd10ed62-d307-41b1-bbc9-65e7d7f3a8f4", "isDeleted:":"true", "version":"1691669208378"}}
{"logTime": "0822/005700", "correlationVector":"8CwTHoiDLNarx3vl3IKhZw.221","action":"GetUpdates Response", "result":"SERVER_MORE_TO_DOWNLOAD", "context":Received 250 update(s).  Some updates remain.}
{"logTime": "0822/005700", "correlationVector":"EFQJFXmP+hYodva1937mC3","action":"Initial GetUpdates", "result":"", "context":Reason: RECONFIGURATION. cV=EFQJFXmP+hYodva1937mC3}
{"logTime": "0822/005700", "correlationVector":"EFQJFXmP+hYodva1937mC3.1","action":"SyncServerConnectionManagerRequest", "result":"SYNC_SERVER_OK", "context":{"environment":"Prod_EastUS2_000e", "migrationStage":"NotStarted", "server":"GENERAL01000002"}}
{"logTime": "0822/005700", "correlationVector":"EFQJFXmP+hYodva1937mC3.2","action":"GetUpdates", "result":"DeleteReceived", "context":{"id":"4b9a7be4-27a5-4936-aa3e-d7060940e967", "isDeleted:":"true", "version":"1691669277015"}}
{"logTime": "0822/005700", "correlationVector":"EFQJFXmP+hYodva1937mC3.3","action":"GetUpdates", "result":"DeleteReceived", "context":{"id":"11bbd548-cb3f-4756-99cb-7dd89c20e27d", "isDeleted:":"true", "version":"1691669977287"}}
{"logTime": "0822/005700", "correlationVector":"EFQJFXmP+hYodva1937mC3.4","action":"GetUpdates", "result":"DeleteReceived", "context":{"id":"b8cf5c66-b595-4d64-a08f-cdc966117506", "isDeleted:":"true", "version":"1691669980710"}}
{"logTime": "0822/005700", "correlationVector":"EFQJFXmP+hYodva1937mC3.5","action":"GetUpdates", "result":"DeleteReceived", "context":{"id":"bef17220-c367-466b-90d3-1793733cce87", "isDeleted:":"true", "version":"1691670675165"}}
{"logTime": "0822/005700", "correlationVector":"EFQJFXmP+hYodva1937mC3.6","action":"GetUpdates", "result":"DeleteReceived", "context":{"id":"04c8c028-6402-44a1-917f-5f65878a3956", "isDeleted:":"true", "version":"1691671095567"}}
{"logTime": "0822/005700", "correlationVector":"EFQJFXmP+hYodva1937mC3.7","action":"GetUpdates", "result":"DeleteReceived", "context":{"id":"588eb9e5-9ef0-4305-a566-4d16124f564f", "isDeleted:":"true", "version":"1691671125838"}}
{"logTime": "0822/005700", "correlationVector":"EFQJFXmP+hYodva1937mC3.8","action":"GetUpdates", "result":"DeleteReceived", "context":{"id":"58e23ce9-f996-4325-b014-fc9250581302", "isDeleted:":"true", "version":"1691671361438"}}
{"logTime": "0822/005700", "correlationVector":"EFQJFXmP+hYodva1937mC3.9","action":"GetUpdates", "result":"DeleteReceived", "context":{"id":"52955c21-1dda-41f1-abc7-1295246c76b1", "isDeleted:":"true", "version":"1691671361440"}}
{"logTime": "0822/005700", "correlationVector":"EFQJFXmP+hYodva1937mC3.10","action":"GetUpdates", "result":"DeleteReceived", "context":{"id":"056b6f2c-e0e3-49ca-a586-8af18d630449", "isDeleted:":"true", "version":"1691672260068"}}
{"logTime": "0822/005700", "correlationVector":"EFQJFXmP+hYodva1937mC3.11","action":"GetUpdates", "result":"DeleteReceived", "context":{"id":"cd22bcf5-33b4-4ee4-a3ed-6e11ae0b0bb1", "isDeleted:":"true", "version":"1691672260069"}}
{"logTime": "0822/005700", "correlationVector":"EFQJFXmP+hYodva1937mC3.12","action":"GetUpdates", "result":"DeleteReceived", "context":{"id":"24493726-6a99-4ae0-9c5d-ece380c95fef", "isDeleted:":"true", "version":"1691672260070"}}
{"logTime": "0822/005700", "correlationVector":"EFQJFXmP+hYodva1937mC3.13","action":"GetUpdates", "result":"DeleteReceived", "context":{"id":"8c711036-b999-4fc9-a882-84b2ffa18258", "isDeleted:":"true", "version":"1691672260071"}}
{"logTime": "0822/005700", "correlationVector":"EFQJFXmP+hYodva1937mC3.14","action":"GetUpdates", "result":"DeleteReceived", "context":{"id":"8b6e40df-b2c4-491d-9947-398ef7df04fa", "isDeleted:":"true", "version":"1691672260072"}}
{"logTime": "0822/005700", "correlationVector":"EFQJFXmP+hYodva1937mC3.15","action":"GetUpdates", "result":"DeleteReceived", "context":{"id":"0f3ffc8e-d922-4e84-845e-99cdddd77474", "isDeleted:":"true", "version":"1691672260073"}}
{"logTime": "0822/005700", "correlationVector":"EFQJFXmP+hYodva1937mC3.16","action":"GetUpdates", "result":"DeleteReceived", "context":{"id":"c46d0658-e339-4517-9e5e-44a8b6052f89", "isDeleted:":"true", "version":"1691672260074"}}
{"logTime": "0822/005700", "correlationVector":"EFQJFXmP+hYodva1937mC3.17","action":"GetUpdates", "result":"DeleteReceived", "context":{"id":"3ae8a3a0-528d-484d-8e3c-c6cab338ea55", "isDeleted:":"true", "version":"1691672260075"}}
{"logTime": "0822/005700", "correlationVector":"EFQJFXmP+hYodva1937mC3.18","action":"GetUpdates", "result":"DeleteReceived", "context":{"id":"30242e85-aadc-4833-8cc5-03d18304fc31", "isDeleted:":"true", "version":"1691672260077"}}
{"logTime": "0822/005700", "correlationVector":"EFQJFXmP+hYodva1937mC3.19","action":"GetUpdates", "result":"DeleteReceived", "context":{"id":"6ee39c07-fc86-4a31-ab78-f4c214695e9d", "isDeleted:":"true", "version":"1691672436622"}}
{"logTime": "0822/005700", "correlationVector":"EFQJFXmP+hYodva1937mC3.20","action":"GetUpdates", "result":"DeleteReceived", "context":{"id":"6950c534-c14f-4073-843c-fa8ed9839910", "isDeleted:":"true", "version":"1691673162065"}}
{"logTime": "0822/005700", "correlationVector":"EFQJFXmP+hYodva1937mC3.21","action":"GetUpdates", "result":"DeleteReceived", "context":{"id":"f85f123b-5798-4d7b-908a-78e2f844d875", "isDeleted:":"true", "version":"1691673162066"}}
{"logTime": "0822/005700", "correlationVector":"EFQJFXmP+hYodva1937mC3.22","action":"GetUpdates", "result":"DeleteReceived", "context":{"id":"305b7e70-3284-44da-b96f-da982546672f", "isDeleted:":"true", "version":"1691673162067"}}
{"logTime": "0822/005700", "correlationVector":"EFQJFXmP+hYodva1937mC3.23","action":"GetUpdates", "result":"DeleteReceived", "context":{"id":"b338dd52-6164-4008-b0d6-8ea84bc36d8e", "isDeleted:":"true", "version":"1691673357301"}}
{"logTime": "0822/005700", "correlationVector":"EFQJFXmP+hYodva1937mC3.24","action":"GetUpdates", "result":"DeleteReceived", "context":{"id":"a266127e-466b-469a-af13-0484bc056f31", "isDeleted:":"true", "version":"1691675794189"}}
{"logTime": "0822/005700", "correlationVector":"EFQJFXmP+hYodva1937mC3.25","action":"GetUpdates", "result":"DeleteReceived", "context":{"id":"0626f2c2-977d-45f5-9892-6eb198c92c58", "isDeleted:":"true", "version":"1691676012011"}}
{"logTime": "0822/005700", "correlationVector":"EFQJFXmP+hYodva1937mC3.26","action":"GetUpdates", "result":"DeleteReceived", "context":{"id":"3ec91333-ed7d-4631-a554-1d2597c89212", "isDeleted:":"true", "version":"1691679584979"}}
{"logTime": "0822/005700", "correlationVector":"EFQJFXmP+hYodva1937mC3.27","action":"GetUpdates", "result":"DeleteReceived", "context":{"id":"52746ae3-d41a-487e-a03c-e8ed09d8fc9b", "isDeleted:":"true", "version":"1691686199933"}}
{"logTime": "0822/005700", "correlationVector":"EFQJFXmP+hYodva1937mC3.28","action":"GetUpdates", "result":"DeleteReceived", "context":{"id":"d29b60b2-cf0b-4270-a77d-9e2e055c6a6e", "isDeleted:":"true", "version":"1691686199934"}}
{"logTime": "0822/005700", "correlationVector":"EFQJFXmP+hYodva1937mC3.29","action":"GetUpdates", "result":"DeleteReceived", "context":{"id":"2959b646-0f18-44a3-8264-60ce079c5d1c", "isDeleted:":"true", "version":"1691686199936"}}
{"logTime": "0822/005700", "correlationVector":"EFQJFXmP+hYodva1937mC3.30","action":"GetUpdates", "result":"DeleteReceived", "context":{"id":"43bc99d0-a5be-43f2-a60b-0e954f193f63", "isDeleted:":"true", "version":"1691686199937"}}
{"logTime": "0822/005700", "correlationVector":"EFQJFXmP+hYodva1937mC3.31","action":"GetUpdates", "result":"DeleteReceived", "context":{"id":"089b76b1-65cd-4bb7-9fe1-c1953c6ba910", "isDeleted:":"true", "version":"1691686199938"}}
{"logTime": "0822/005700", "correlationVector":"EFQJFXmP+hYodva1937mC3.32","action":"GetUpdates", "result":"DeleteReceived", "context":{"id":"86f0dac9-4ca1-4f3d-9453-ac5f4d1238ae", "isDeleted:":"true", "version":"1691686199940"}}
{"logTime": "0822/005700", "correlationVector":"EFQJFXmP+hYodva1937mC3.33","action":"GetUpdates", "result":"DeleteReceived", "context":{"id":"0445fe06-de85-4ffd-8326-35d99cdd8d17", "isDeleted:":"true", "version":"1691686947987"}}
{"logTime": "0822/005700", "correlationVector":"EFQJFXmP+hYodva1937mC3.34","action":"GetUpdates", "result":"DeleteReceived", "context":{"id":"0e3d9c3c-42e5-4206-8be9-6b25af9f3a12", "isDeleted:":"true", "version":"1691686947988"}}
{"logTime": "0822/005700", "correlationVector":"EFQJFXmP+hYodva1937mC3.35","action":"GetUpdates", "result":"DeleteReceived", "context":{"id":"23086b51-844a-4d93-a649-b81e78c28141", "isDeleted:":"true", "version":"1691697225503"}}
{"logTime": "0822/005700", "correlationVector":"EFQJFXmP+hYodva1937mC3.36","action":"GetUpdates", "result":"DeleteReceived", "context":{"id":"829e0ee6-0378-4324-bb37-f791f28c402c", "isDeleted:":"true", "version":"1691702641531"}}
{"logTime": "0822/005700", "correlationVector":"EFQJFXmP+hYodva1937mC3.37","action":"GetUpdates", "result":"DeleteReceived", "context":{"id":"46226fdf-b7f4-4256-a303-b271c0bd38f0", "isDeleted:":"true", "version":"1691703902906"}}
{"logTime": "0822/005700", "correlationVector":"EFQJFXmP+hYodva1937mC3.38","action":"GetUpdates", "result":"DeleteReceived", "context":{"id":"7e91eaf1-ce59-4ac6-aefb-2e108d6dfb69", "isDeleted:":"true", "version":"1691703902907"}}
{"logTime": "0822/005700", "correlationVector":"EFQJFXmP+hYodva1937mC3.39","action":"GetUpdates", "result":"DeleteReceived", "context":{"id":"fcb36af5-81a2-477d-8c86-eeda9bd72d76", "isDeleted:":"true", "version":"1691703902910"}}
{"logTime": "0822/005700", "correlationVector":"EFQJFXmP+hYodva1937mC3.40","action":"GetUpdates", "result":"DeleteReceived", "context":{"id":"dfc02ecf-d564-4611-a0b8-e3bac32d685a", "isDeleted:":"true", "version":"1691707060795"}}
{"logTime": "0822/005700", "correlationVector":"EFQJFXmP+hYodva1937mC3.41","action":"GetUpdates", "result":"DeleteReceived", "context":{"id":"770d2a46-1bf1-43eb-b76e-b90e3485d23c", "isDeleted:":"true", "version":"1691707060797"}}
{"logTime": "0822/005700", "correlationVector":"EFQJFXmP+hYodva1937mC3.42","action":"GetUpdates", "result":"DeleteReceived", "context":{"id":"52945017-f5e9-453b-986d-a3de5f639599", "isDeleted:":"true", "version":"1691707212269"}}
{"logTime": "0822/005700", "correlationVector":"EFQJFXmP+hYodva1937mC3.43","action":"GetUpdates", "result":"DeleteReceived", "context":{"id":"e7350f52-5b1f-4403-83af-ad51512be969", "isDeleted:":"true", "version":"1691707597603"}}
{"logTime": "0822/005700", "correlationVector":"EFQJFXmP+hYodva1937mC3.44","action":"GetUpdates", "result":"DeleteReceived", "context":{"id":"e8d56613-8610-4f8c-bb03-c5d71439caaf", "isDeleted:":"true", "version":"1691707829963"}}
{"logTime": "0822/005700", "correlationVector":"EFQJFXmP+hYodva1937mC3.45","action":"GetUpdates", "result":"DeleteReceived", "context":{"id":"5d6071c8-7c6c-4792-888b-c819003a846b", "isDeleted:":"true", "version":"1691708207155"}}
{"logTime": "0822/005700", "correlationVector":"EFQJFXmP+hYodva1937mC3.46","action":"GetUpdates", "result":"DeleteReceived", "context":{"id":"84651e18-1ec0-42f1-8b89-0e41e0269144", "isDeleted:":"true", "version":"1691708207157"}}
{"logTime": "0822/005700", "correlationVector":"EFQJFXmP+hYodva1937mC3.47","action":"GetUpdates", "result":"DeleteReceived", "context":{"id":"db755faa-a1f6-4401-b371-a05aa77a9c9e", "isDeleted:":"true", "version":"1691708207158"}}
{"logTime": "0822/005700", "correlationVector":"EFQJFXmP+hYodva1937mC3.48","action":"GetUpdates", "result":"DeleteReceived", "context":{"id":"40b181e5-d1f2-424e-92a2-48bdafcb91f6", "isDeleted:":"true", "version":"1691717551697"}}
{"logTime": "0822/005700", "correlationVector":"EFQJFXmP+hYodva1937mC3.49","action":"GetUpdates", "result":"DeleteReceived", "context":{"id":"99307039-e467-4254-bb5f-d162f307aa1e", "isDeleted:":"true", "version":"1691717755841"}}
{"logTime": "0822/005700", "correlationVector":"EFQJFXmP+hYodva1937mC3.50","action":"GetUpdates", "result":"DeleteReceived", "context":{"id":"282d0d5c-8393-4d6b-9bb5-f63c1e2eb145", "isDeleted:":"true", "version":"1691719426976"}}
{"logTime": "0822/005700", "correlationVector":"EFQJFXmP+hYodva1937mC3.51","action":"GetUpdates", "result":"DeleteReceived", "context":{"id":"f99096a1-c4e0-45e6-8e88-0dc9314bf2fc", "isDeleted:":"true", "version":"1691719426979"}}
{"logTime": "0822/005700", "correlationVector":"EFQJFXmP+hYodva1937mC3.52","action":"GetUpdates", "result":"DeleteReceived", "context":{"id":"4bea1fec-0579-49ba-b3a1-0c768d0b07ca", "isDeleted:":"true", "version":"1691719439525"}}
{"logTime": "0822/005700", "correlationVector":"EFQJFXmP+hYodva1937mC3.53","action":"GetUpdates", "result":"DeleteReceived", "context":{"id":"2ca8655a-c52d-495a-8a22-33a0caa42b66", "isDeleted:":"true", "version":"1691719469998"}}
{"logTime": "0822/005700", "correlationVector":"EFQJFXmP+hYodva1937mC3.54","action":"GetUpdates", "result":"DeleteReceived", "context":{"id":"b298a0c6-1f20-4e61-a22b-ac5d920d0a14", "isDeleted:":"true", "version":"1691856339330"}}
{"logTime": "0822/005700", "correlationVector":"EFQJFXmP+hYodva1937mC3.55","action":"GetUpdates", "result":"DeleteReceived", "context":{"id":"0e36bc3c-f9f5-4c68-bb6b-c817a3f17cac", "isDeleted:":"true", "version":"1691856339331"}}
{"logTime": "0822/005700", "correlationVector":"EFQJFXmP+hYodva1937mC3.56","action":"GetUpdates", "result":"DeleteReceived", "context":{"id":"64a83e54-6e15-4ba8-86dd-f857dea40244", "isDeleted:":"true", "version":"1691856841112"}}
{"logTime": "0822/005700", "correlationVector":"EFQJFXmP+hYodva1937mC3.57","action":"GetUpdates", "result":"DeleteReceived", "context":{"id":"947261a4-686c-4934-8971-e726311f8427", "isDeleted:":"true", "version":"1691857346090"}}
{"logTime": "0822/005700", "correlationVector":"EFQJFXmP+hYodva1937mC3.58","action":"GetUpdates", "result":"DeleteReceived", "context":{"id":"6682e7ce-5188-4625-a42c-e373c30e57ea", "isDeleted:":"true", "version":"1691857346092"}}
{"logTime": "0822/005700", "correlationVector":"EFQJFXmP+hYodva1937mC3.59","action":"GetUpdates", "result":"DeleteReceived", "context":{"id":"70a0cdc9-a267-439e-b468-c00806767250", "isDeleted:":"true", "version":"1691857346093"}}
{"logTime": "0822/005700", "correlationVector":"EFQJFXmP+hYodva1937mC3.60","action":"GetUpdates", "result":"DeleteReceived", "context":{"id":"a6beb65a-d34e-4a04-996c-d6d6b43219b1", "isDeleted:":"true", "version":"1691857346094"}}
{"logTime": "0822/005700", "correlationVector":"EFQJFXmP+hYodva1937mC3.61","action":"GetUpdates", "result":"DeleteReceived", "context":{"id":"5ce1520b-97a8-4b22-987d-5a8edbfe049f", "isDeleted:":"true", "version":"1691857346095"}}
{"logTime": "0822/005700", "correlationVector":"EFQJFXmP+hYodva1937mC3.62","action":"GetUpdates", "result":"DeleteReceived", "context":{"id":"72a86130-0b45-439e-b9b7-5297e1ca3a3a", "isDeleted:":"true", "version":"1691857442421"}}
{"logTime": "0822/005700", "correlationVector":"EFQJFXmP+hYodva1937mC3.63","action":"GetUpdates", "result":"DeleteReceived", "context":{"id":"2cf54a56-33e9-4204-aaac-2bd97b939beb", "isDeleted:":"true", "version":"1691857502633"}}
{"logTime": "0822/005700", "correlationVector":"EFQJFXmP+hYodva1937mC3.64","action":"GetUpdates", "result":"DeleteReceived", "context":{"id":"40fe1586-4786-482f-81fc-9499c6d2ca40", "isDeleted:":"true", "version":"1691858019602"}}
{"logTime": "0822/005700", "correlationVector":"EFQJFXmP+hYodva1937mC3.65","action":"GetUpdates", "result":"DeleteReceived", "context":{"id":"65ffd0f0-47e5-4f2b-b11c-66db27cc3dd5", "isDeleted:":"true", "version":"1691858019604"}}
{"logTime": "0822/005700", "correlationVector":"EFQJFXmP+hYodva1937mC3.66","action":"GetUpdates", "result":"DeleteReceived", "context":{"id":"b17782d0-99bd-4a70-b348-465c187f44a1", "isDeleted:":"true", "version":"1691858547301"}}
{"logTime": "0822/005700", "correlationVector":"EFQJFXmP+hYodva1937mC3.67","action":"GetUpdates", "result":"DeleteReceived", "context":{"id":"48a6f1dc-a65c-4514-9563-d250ab410a0b", "isDeleted:":"true", "version":"1691858628462"}}
{"logTime": "0822/005700", "correlationVector":"EFQJFXmP+hYodva1937mC3.68","action":"GetUpdates", "result":"DeleteReceived", "context":{"id":"1e35a10f-21d2-4e82-8bc1-6a3094afc096", "isDeleted:":"true", "version":"1691858780155"}}
{"logTime": "0822/005700", "correlationVector":"EFQJFXmP+hYodva1937mC3.69","action":"GetUpdates", "result":"DeleteReceived", "context":{"id":"b8b54fa4-fefb-4c74-8f47-c5cb19dd045a", "isDeleted:":"true", "version":"1691858780157"}}
{"logTime": "0822/005700", "correlationVector":"EFQJFXmP+hYodva1937mC3.70","action":"GetUpdates", "result":"DeleteReceived", "context":{"id":"2743729d-e470-43c3-bf15-205a87e0274a", "isDeleted:":"true", "version":"1691859585469"}}
{"logTime": "0822/005700", "correlationVector":"EFQJFXmP+hYodva1937mC3.71","action":"GetUpdates", "result":"DeleteReceived", "context":{"id":"b687f4b3-30e2-49cb-8d1b-7b887ce0b0f9", "isDeleted:":"true", "version":"1691859585470"}}
{"logTime": "0822/005700", "correlationVector":"EFQJFXmP+hYodva1937mC3.72","action":"GetUpdates", "result":"DeleteReceived", "context":{"id":"86641cc6-8e04-4ab4-9b3a-acebdf48fd15", "isDeleted:":"true", "version":"1691859585471"}}
{"logTime": "0822/005700", "correlationVector":"EFQJFXmP+hYodva1937mC3.73","action":"GetUpdates", "result":"DeleteReceived", "context":{"id":"5a71f55a-39f7-43b2-b173-7cb1d4175f71", "isDeleted:":"true", "version":"1691860222591"}}
{"logTime": "0822/005700", "correlationVector":"EFQJFXmP+hYodva1937mC3.74","action":"GetUpdates", "result":"DeleteReceived", "context":{"id":"02d73ee2-86b9-4e90-bd42-ef6bedfb4811", "isDeleted:":"true", "version":"1691861967985"}}
{"logTime": "0822/005700", "correlationVector":"EFQJFXmP+hYodva1937mC3.75","action":"GetUpdates", "result":"DeleteReceived", "context":{"id":"12fd4cd3-8dea-4017-a116-ac1cbeef8d65", "isDeleted:":"true", "version":"1691861967986"}}
{"logTime": "0822/005700", "correlationVector":"EFQJFXmP+hYodva1937mC3.76","action":"GetUpdates", "result":"DeleteReceived", "context":{"id":"2eefa344-a388-4bf9-9e9f-034d4a5bcb9d", "isDeleted:":"true", "version":"1691862390024"}}
{"logTime": "0822/005700", "correlationVector":"EFQJFXmP+hYodva1937mC3.77","action":"GetUpdates", "result":"DeleteReceived", "context":{"id":"be3e2365-37a7-4e17-bfac-c51292d47003", "isDeleted:":"true", "version":"1691863044615"}}
{"logTime": "0822/005700", "correlationVector":"EFQJFXmP+hYodva1937mC3.78","action":"GetUpdates", "result":"DeleteReceived", "context":{"id":"085b9d6b-85a4-415d-8b76-e8b6a01a7a9e", "isDeleted:":"true", "version":"1691863044618"}}
{"logTime": "0822/005700", "correlationVector":"EFQJFXmP+hYodva1937mC3.79","action":"GetUpdates", "result":"DeleteReceived", "context":{"id":"10980dfb-382e-4aae-95d9-823316a0d51c", "isDeleted:":"true", "version":"1691863078274"}}
{"logTime": "0822/005700", "correlationVector":"EFQJFXmP+hYodva1937mC3.80","action":"GetUpdates", "result":"DeleteReceived", "context":{"id":"e71b9f7c-fd45-4efb-aa83-4669cc6490a6", "isDeleted:":"true", "version":"1691968076604"}}
{"logTime": "0822/005700", "correlationVector":"EFQJFXmP+hYodva1937mC3.81","action":"GetUpdates", "result":"DeleteReceived", "context":{"id":"56d83dd6-a40e-4721-b417-e3459b2b723f", "isDeleted:":"true", "version":"1691968076606"}}
{"logTime": "0822/005700", "correlationVector":"EFQJFXmP+hYodva1937mC3.82","action":"GetUpdates", "result":"DeleteReceived", "context":{"id":"671d5621-50c3-46fc-a2a9-dca7b288ca81", "isDeleted:":"true", "version":"1691969476543"}}
{"logTime": "0822/005700", "correlationVector":"EFQJFXmP+hYodva1937mC3.83","action":"GetUpdates", "result":"DeleteReceived", "context":{"id":"117f7b45-d3c5-4933-8e61-d768787dc987", "isDeleted:":"true", "version":"1691969476544"}}
{"logTime": "0822/005700", "correlationVector":"EFQJFXmP+hYodva1937mC3.84","action":"GetUpdates", "result":"DeleteReceived", "context":{"id":"2c171bc9-84ec-4340-a332-152e6a9f954d", "isDeleted:":"true", "version":"1692014818766"}}
{"logTime": "0822/005700", "correlationVector":"EFQJFXmP+hYodva1937mC3.85","action":"GetUpdates", "result":"DeleteReceived", "context":{"id":"2de5c7dd-a8fc-43c6-a5b3-06520879ae5c", "isDeleted:":"true", "version":"1692014925284"}}
{"logTime": "0822/005700", "correlationVector":"EFQJFXmP+hYodva1937mC3.86","action":"GetUpdates", "result":"DeleteReceived", "context":{"id":"23938300-f6be-4574-9329-f4bb8c04e890", "isDeleted:":"true", "version":"1692018558772"}}
{"logTime": "0822/005700", "correlationVector":"EFQJFXmP+hYodva1937mC3.87","action":"GetUpdates", "result":"DeleteReceived", "context":{"id":"15157079-c421-4fff-abf1-b58570197579", "isDeleted:":"true", "version":"1692021269815"}}
{"logTime": "0822/005700", "correlationVector":"EFQJFXmP+hYodva1937mC3.88","action":"GetUpdates", "result":"DeleteReceived", "context":{"id":"d57551ef-77e4-4220-b158-8ca0fcd0eb03", "isDeleted:":"true", "version":"1692025144587"}}
{"logTime": "0822/005700", "correlationVector":"EFQJFXmP+hYodva1937mC3.89","action":"GetUpdates", "result":"DeleteReceived", "context":{"id":"2257fa6d-23e4-46b6-a9a9-1d8d542c1282", "isDeleted:":"true", "version":"1692027160064"}}
{"logTime": "0822/005700", "correlationVector":"EFQJFXmP+hYodva1937mC3.90","action":"GetUpdates", "result":"DeleteReceived", "context":{"id":"4548d2cc-bbf6-4fc0-bce6-afca0ab1f9ee", "isDeleted:":"true", "version":"1692027160065"}}
{"logTime": "0822/005700", "correlationVector":"EFQJFXmP+hYodva1937mC3.91","action":"GetUpdates", "result":"DeleteReceived", "context":{"id":"3a8a5973-8162-490e-9199-87218239c6a1", "isDeleted:":"true", "version":"1692027160066"}}
{"logTime": "0822/005700", "correlationVector":"EFQJFXmP+hYodva1937mC3.92","action":"GetUpdates", "result":"DeleteReceived", "context":{"id":"80054908-3435-48c5-8846-eb614a7a830c", "isDeleted:":"true", "version":"1692027160067"}}
{"logTime": "0822/005700", "correlationVector":"EFQJFXmP+hYodva1937mC3.93","action":"GetUpdates", "result":"DeleteReceived", "context":{"id":"12aa8e5a-00fa-4369-9f67-87541b6c8ecc", "isDeleted:":"true", "version":"1692035331234"}}
{"logTime": "0822/005700", "correlationVector":"EFQJFXmP+hYodva1937mC3.94","action":"GetUpdates", "result":"DeleteReceived", "context":{"id":"25e4fac3-035a-4f2b-9e20-d62020cca703", "isDeleted:":"true", "version":"1692039617607"}}
{"logTime": "0822/005700", "correlationVector":"EFQJFXmP+hYodva1937mC3.95","action":"GetUpdates", "result":"DeleteReceived", "context":{"id":"4e2e9f74-f62b-4289-945e-221c708204b4", "isDeleted:":"true", "version":"1692041886705"}}
{"logTime": "0822/005700", "correlationVector":"EFQJFXmP+hYodva1937mC3.96","action":"GetUpdates", "result":"DeleteReceived", "context":{"id":"06ce2dde-e55e-4d31-8dc7-9533afe76403", "isDeleted:":"true", "version":"1692041886706"}}
{"logTime": "0822/005700", "correlationVector":"EFQJFXmP+hYodva1937mC3.97","action":"GetUpdates", "result":"DeleteReceived", "context":{"id":"fed6ad34-f083-4ca3-a8db-4c7a75a1c37f", "isDeleted:":"true", "version":"1692041886707"}}
{"logTime": "0822/005700", "correlationVector":"EFQJFXmP+hYodva1937mC3.98","action":"GetUpdates", "result":"DeleteReceived", "context":{"id":"28982fb0-ffb3-4584-b461-2e9aa74a8ea0", "isDeleted:":"true", "version":"1692046865936"}}
{"logTime": "0822/005700", "correlationVector":"EFQJFXmP+hYodva1937mC3.99","action":"GetUpdates", "result":"DeleteReceived", "context":{"id":"1870ca72-aa1d-4829-a396-516a2b169598", "isDeleted:":"true", "version":"1692047155840"}}
{"logTime": "0822/005700", "correlationVector":"EFQJFXmP+hYodva1937mC3.100","action":"GetUpdates", "result":"DeleteReceived", "context":{"id":"33b0b79e-36de-4c0f-986c-48579a236b8f", "isDeleted:":"true", "version":"1692050211684"}}
{"logTime": "0822/005700", "correlationVector":"EFQJFXmP+hYodva1937mC3.101","action":"GetUpdates", "result":"DeleteReceived", "context":{"id":"decd42b1-3371-4d02-a658-167a340d2b6c", "isDeleted:":"true", "version":"1692050501729"}}
{"logTime": "0822/005700", "correlationVector":"EFQJFXmP+hYodva1937mC3.102","action":"GetUpdates", "result":"DeleteReceived", "context":{"id":"b3d2403c-95c0-4746-bbe7-0f262aaac968", "isDeleted:":"true", "version":"1692053044233"}}
{"logTime": "0822/005700", "correlationVector":"EFQJFXmP+hYodva1937mC3.103","action":"GetUpdates", "result":"DeleteReceived", "context":{"id":"f75c5feb-19e7-4987-a9ab-d8ebe7c7d1d8", "isDeleted:":"true", "version":"1692053044234"}}
{"logTime": "0822/005700", "correlationVector":"EFQJFXmP+hYodva1937mC3.104","action":"GetUpdates", "result":"DeleteReceived", "context":{"id":"12b70afb-3923-4363-8ffb-95b07371b64e", "isDeleted:":"true", "version":"1692053044237"}}
{"logTime": "0822/005700", "correlationVector":"EFQJFXmP+hYodva1937mC3.105","action":"GetUpdates", "result":"DeleteReceived", "context":{"id":"2320e56f-54df-4f10-ae53-e7ff53ad122a", "isDeleted:":"true", "version":"1692053266394"}}
{"logTime": "0822/005700", "correlationVector":"EFQJFXmP+hYodva1937mC3.106","action":"GetUpdates", "result":"DeleteReceived", "context":{"id":"cb76f662-a69c-4561-afcc-3255eebd281e", "isDeleted:":"true", "version":"1692053266395"}}
{"logTime": "0822/005700", "correlationVector":"EFQJFXmP+hYodva1937mC3.107","action":"GetUpdates", "result":"DeleteReceived", "context":{"id":"ba54e7fa-2205-455c-91a1-9145863a7f60", "isDeleted:":"true", "version":"1692053266397"}}
{"logTime": "0822/005700", "correlationVector":"EFQJFXmP+hYodva1937mC3.108","action":"GetUpdates", "result":"DeleteReceived", "context":{"id":"9e17c824-5774-4a9c-af34-3aca9dc607c8", "isDeleted:":"true", "version":"1692053266398"}}
{"logTime": "0822/005700", "correlationVector":"EFQJFXmP+hYodva1937mC3.109","action":"GetUpdates", "result":"DeleteReceived", "context":{"id":"007806fe-710b-46f2-928a-f99776faa037", "isDeleted:":"true", "version":"1692053582091"}}
{"logTime": "0822/005700", "correlationVector":"EFQJFXmP+hYodva1937mC3.110","action":"GetUpdates", "result":"DeleteReceived", "context":{"id":"083caf4e-d4e5-4cab-a49c-c4d3e6da479f", "isDeleted:":"true", "version":"1692053582093"}}
{"logTime": "0822/005700", "correlationVector":"EFQJFXmP+hYodva1937mC3.111","action":"GetUpdates", "result":"DeleteReceived", "context":{"id":"d31f7a43-644a-4a8e-8910-1a29c83252c8", "isDeleted:":"true", "version":"1692053582094"}}
{"logTime": "0822/005700", "correlationVector":"EFQJFXmP+hYodva1937mC3.112","action":"GetUpdates", "result":"DeleteReceived", "context":{"id":"0af329f8-2021-4e37-8906-920f61b5f330", "isDeleted:":"true", "version":"1692054922848"}}
{"logTime": "0822/005700", "correlationVector":"EFQJFXmP+hYodva1937mC3.113","action":"GetUpdates", "result":"DeleteReceived", "context":{"id":"5a5af441-8e46-4772-9916-4814022d006d", "isDeleted:":"true", "version":"1692054922850"}}
{"logTime": "0822/005700", "correlationVector":"EFQJFXmP+hYodva1937mC3.114","action":"GetUpdates", "result":"DeleteReceived", "context":{"id":"dc7290e9-7419-4595-ad28-9e29dde468e5", "isDeleted:":"true", "version":"1692054948779"}}
{"logTime": "0822/005700", "correlationVector":"EFQJFXmP+hYodva1937mC3.115","action":"GetUpdates", "result":"DeleteReceived", "context":{"id":"522dc2a5-7f44-4bf5-bdf1-baa7df8a2523", "isDeleted:":"true", "version":"1692056040283"}}
{"logTime": "0822/005700", "correlationVector":"EFQJFXmP+hYodva1937mC3.116","action":"GetUpdates", "result":"DeleteReceived", "context":{"id":"5409bba2-1ebf-4b51-9eae-dd3cc02f82ec", "isDeleted:":"true", "version":"1692056040285"}}
{"logTime": "0822/005700", "correlationVector":"EFQJFXmP+hYodva1937mC3.117","action":"GetUpdates", "result":"DeleteReceived", "context":{"id":"47005d33-35cd-4bf7-ba3e-4739659aa5d6", "isDeleted:":"true", "version":"1692057650640"}}
{"logTime": "0822/005700", "correlationVector":"EFQJFXmP+hYodva1937mC3.118","action":"GetUpdates", "result":"DeleteReceived", "context":{"id":"1b5d8f67-a3da-4e44-9e8f-bfab85bc323d", "isDeleted:":"true", "version":"1692057650641"}}
{"logTime": "0822/005700", "correlationVector":"EFQJFXmP+hYodva1937mC3.119","action":"GetUpdates", "result":"DeleteReceived", "context":{"id":"5117351b-30e5-422b-8cc6-9da7a26f2835", "isDeleted:":"true", "version":"1692057650643"}}
{"logTime": "0822/005700", "correlationVector":"EFQJFXmP+hYodva1937mC3.120","action":"GetUpdates", "result":"DeleteReceived", "context":{"id":"c7d029cd-49f6-48a4-892f-888906ac56c3", "isDeleted:":"true", "version":"1692071228109"}}
{"logTime": "0822/005700", "correlationVector":"EFQJFXmP+hYodva1937mC3.121","action":"GetUpdates", "result":"DeleteReceived", "context":{"id":"4f82e4f3-b382-40a4-9759-953764e677f0", "isDeleted:":"true", "version":"1692071228110"}}
{"logTime": "0822/005700", "correlationVector":"EFQJFXmP+hYodva1937mC3.122","action":"GetUpdates", "result":"DeleteReceived", "context":{"id":"57f661c7-3424-47c4-8676-fc151fc2e2c8", "isDeleted:":"true", "version":"1692071228111"}}
{"logTime": "0822/005700", "correlationVector":"EFQJFXmP+hYodva1937mC3.123","action":"GetUpdates", "result":"DeleteReceived", "context":{"id":"d67a8728-0577-4580-8024-738e9d0f91bc", "isDeleted:":"true", "version":"1692071228112"}}
{"logTime": "0822/005700", "correlationVector":"EFQJFXmP+hYodva1937mC3.124","action":"GetUpdates", "result":"DeleteReceived", "context":{"id":"3a582592-3e74-43b0-bc62-cc798cbce204", "isDeleted:":"true", "version":"1692107116963"}}
{"logTime": "0822/005700", "correlationVector":"EFQJFXmP+hYodva1937mC3.125","action":"GetUpdates", "result":"DeleteReceived", "context":{"id":"e3d22d08-e5b2-4cc6-add2-f0557c874b27", "isDeleted:":"true", "version":"1692107116964"}}
{"logTime": "0822/005700", "correlationVector":"EFQJFXmP+hYodva1937mC3.126","action":"GetUpdates", "result":"DeleteReceived", "context":{"id":"4974b939-3633-4644-8f3e-113b8699eb3b", "isDeleted:":"true", "version":"1692107116965"}}
{"logTime": "0822/005700", "correlationVector":"EFQJFXmP+hYodva1937mC3.127","action":"GetUpdates", "result":"DeleteReceived", "context":{"id":"094aec50-0e10-4a88-ac2c-621063e36dff", "isDeleted:":"true", "version":"1692107116966"}}
{"logTime": "0822/005700", "correlationVector":"EFQJFXmP+hYodva1937mC3.128","action":"GetUpdates", "result":"DeleteReceived", "context":{"id":"7c83ea71-f9b3-45e3-88db-b17db9a55ee2", "isDeleted:":"true", "version":"1692110632080"}}
{"logTime": "0822/005700", "correlationVector":"EFQJFXmP+hYodva1937mC3.129","action":"GetUpdates", "result":"DeleteReceived", "context":{"id":"0fcd93f0-0542-4b76-b4f4-d17f8320f1bb", "isDeleted:":"true", "version":"1692110632081"}}
{"logTime": "0822/005700", "correlationVector":"EFQJFXmP+hYodva1937mC3.130","action":"GetUpdates", "result":"DeleteReceived", "context":{"id":"615e8825-0c1a-4ea2-a555-8f7173c44ad3", "isDeleted:":"true", "version":"1692110632082"}}
{"logTime": "0822/005700", "correlationVector":"EFQJFXmP+hYodva1937mC3.131","action":"GetUpdates", "result":"DeleteReceived", "context":{"id":"94bf2ec8-74c6-49ab-833a-df9dada7d30b", "isDeleted:":"true", "version":"1692110632084"}}
{"logTime": "0822/005700", "correlationVector":"EFQJFXmP+hYodva1937mC3.132","action":"GetUpdates", "result":"DeleteReceived", "context":{"id":"0c0de4f6-1bc9-4ce2-b90d-684a72c0dbe5", "isDeleted:":"true", "version":"1692110632085"}}
{"logTime": "0822/005700", "correlationVector":"EFQJFXmP+hYodva1937mC3.133","action":"GetUpdates", "result":"DeleteReceived", "context":{"id":"320f0911-c5e9-4c04-af60-b612b3a26c8e", "isDeleted:":"true", "version":"1692110632086"}}
{"logTime": "0822/005700", "correlationVector":"EFQJFXmP+hYodva1937mC3.134","action":"GetUpdates", "result":"DeleteReceived", "context":{"id":"b7070a96-e135-48d1-aa64-b8d8b74ea544", "isDeleted:":"true", "version":"1692110632087"}}
{"logTime": "0822/005700", "correlationVector":"EFQJFXmP+hYodva1937mC3.135","action":"GetUpdates", "result":"DeleteReceived", "context":{"id":"52e5e4c7-5c6a-455f-97af-3fcc9d362877", "isDeleted:":"true", "version":"1692110632088"}}
{"logTime": "0822/005700", "correlationVector":"EFQJFXmP+hYodva1937mC3.136","action":"GetUpdates", "result":"DeleteReceived", "context":{"id":"95dfabc1-c780-46f1-91ed-7235b0814ae6", "isDeleted:":"true", "version":"1692110632089"}}
{"logTime": "0822/005700", "correlationVector":"EFQJFXmP+hYodva1937mC3.137","action":"GetUpdates", "result":"DeleteReceived", "context":{"id":"5d847391-b66d-4faa-9a76-dfe00493866c", "isDeleted:":"true", "version":"1692110632090"}}
{"logTime": "0822/005700", "correlationVector":"EFQJFXmP+hYodva1937mC3.138","action":"GetUpdates", "result":"DeleteReceived", "context":{"id":"e627a620-6b91-47c1-bff9-ccb3c661b52e", "isDeleted:":"true", "version":"1692110632091"}}
{"logTime": "0822/005700", "correlationVector":"EFQJFXmP+hYodva1937mC3.139","action":"GetUpdates", "result":"DeleteReceived", "context":{"id":"93b06325-ce23-4f86-a971-06241678a9b8", "isDeleted:":"true", "version":"1692111392340"}}
{"logTime": "0822/005700", "correlationVector":"EFQJFXmP+hYodva1937mC3.140","action":"GetUpdates", "result":"DeleteReceived", "context":{"id":"5ac1bffa-323f-410e-899d-375f1591f8dd", "isDeleted:":"true", "version":"1692112444943"}}
{"logTime": "0822/005700", "correlationVector":"EFQJFXmP+hYodva1937mC3.141","action":"GetUpdates", "result":"DeleteReceived", "context":{"id":"41db4c09-667c-42fa-b532-51c0814694a5", "isDeleted:":"true", "version":"1692112485589"}}
{"logTime": "0822/005700", "correlationVector":"EFQJFXmP+hYodva1937mC3.142","action":"GetUpdates", "result":"DeleteReceived", "context":{"id":"da2d2c34-a5a7-454c-a216-e8e8ec5024d6", "isDeleted:":"true", "version":"1692112916679"}}
{"logTime": "0822/005700", "correlationVector":"EFQJFXmP+hYodva1937mC3.143","action":"GetUpdates", "result":"DeleteReceived", "context":{"id":"203a00ba-0b82-4bab-bc15-e6be3342ac8a", "isDeleted:":"true", "version":"1692113032834"}}
{"logTime": "0822/005700", "correlationVector":"EFQJFXmP+hYodva1937mC3.144","action":"GetUpdates", "result":"DeleteReceived", "context":{"id":"d8fd89b1-25f0-441b-977a-bd8ac2694aa8", "isDeleted:":"true", "version":"1692116706361"}}
{"logTime": "0822/005700", "correlationVector":"EFQJFXmP+hYodva1937mC3.145","action":"GetUpdates", "result":"DeleteReceived", "context":{"id":"668eb485-3560-4e2e-963f-2a2a12da239c", "isDeleted:":"true", "version":"1692118985623"}}
{"logTime": "0822/005700", "correlationVector":"EFQJFXmP+hYodva1937mC3.146","action":"GetUpdates", "result":"DeleteReceived", "context":{"id":"c181c802-562e-4211-abbc-04f576c6f4dd", "isDeleted:":"true", "version":"1692118985625"}}
{"logTime": "0822/005700", "correlationVector":"EFQJFXmP+hYodva1937mC3.147","action":"GetUpdates", "result":"DeleteReceived", "context":{"id":"42077334-4daa-4f01-91c6-953d81bee09b", "isDeleted:":"true", "version":"1692118985626"}}
{"logTime": "0822/005700", "correlationVector":"EFQJFXmP+hYodva1937mC3.148","action":"GetUpdates", "result":"DeleteReceived", "context":{"id":"52fa8132-5166-41f2-b39c-14a36906ecae", "isDeleted:":"true", "version":"1692130827111"}}
{"logTime": "0822/005700", "correlationVector":"EFQJFXmP+hYodva1937mC3.149","action":"GetUpdates", "result":"DeleteReceived", "context":{"id":"8ac9ca43-f7f6-4139-8506-836f2f9e13db", "isDeleted:":"true", "version":"1692130827112"}}
{"logTime": "0822/005700", "correlationVector":"EFQJFXmP+hYodva1937mC3.150","action":"GetUpdates", "result":"DeleteReceived", "context":{"id":"da8ad9e3-5484-4659-aacf-2a72ec3d5e4e", "isDeleted:":"true", "version":"1692130827114"}}
{"logTime": "0822/005700", "correlationVector":"EFQJFXmP+hYodva1937mC3.151","action":"GetUpdates", "result":"DeleteReceived", "context":{"id":"9fcb756d-3324-4b19-9821-73078a953cd4", "isDeleted:":"true", "version":"1692130827115"}}
{"logTime": "0822/005700", "correlationVector":"EFQJFXmP+hYodva1937mC3.152","action":"GetUpdates", "result":"DeleteReceived", "context":{"id":"f73ebdf9-4eb7-4e1a-b5b5-1b70372fa50a", "isDeleted:":"true", "version":"1692130827116"}}
{"logTime": "0822/005700", "correlationVector":"EFQJFXmP+hYodva1937mC3.153","action":"GetUpdates", "result":"DeleteReceived", "context":{"id":"a138be70-1da0-42fb-8a49-2e69705aa48e", "isDeleted:":"true", "version":"1692130827117"}}
{"logTime": "0822/005700", "correlationVector":"EFQJFXmP+hYodva1937mC3.154","action":"GetUpdates", "result":"DeleteReceived", "context":{"id":"c72a857f-2004-433f-8b2d-f78d009f2941", "isDeleted:":"true", "version":"1692130827118"}}
{"logTime": "0822/005700", "correlationVector":"EFQJFXmP+hYodva1937mC3.155","action":"GetUpdates", "result":"DeleteReceived", "context":{"id":"0c431640-302d-4a46-9bfc-f9e5a7ac89c3", "isDeleted:":"true", "version":"1692135403966"}}
{"logTime": "0822/005700", "correlationVector":"EFQJFXmP+hYodva1937mC3.156","action":"GetUpdates", "result":"DeleteReceived", "context":{"id":"84cb6621-fecd-4c72-8c82-542109509435", "isDeleted:":"true", "version":"1692135493181"}}
{"logTime": "0822/005700", "correlationVector":"EFQJFXmP+hYodva1937mC3.157","action":"GetUpdates", "result":"DeleteReceived", "context":{"id":"b60996b7-d61d-4908-9298-0964b57b66d3", "isDeleted:":"true", "version":"1692136507713"}}
{"logTime": "0822/005700", "correlationVector":"EFQJFXmP+hYodva1937mC3.158","action":"GetUpdates", "result":"DeleteReceived", "context":{"id":"a17d7271-589b-4db0-a0b1-a5459d55c85b", "isDeleted:":"true", "version":"1692136889814"}}
{"logTime": "0822/005700", "correlationVector":"EFQJFXmP+hYodva1937mC3.159","action":"GetUpdates", "result":"DeleteReceived", "context":{"id":"30f739f8-4227-4566-bbba-fc7f7bd09f8d", "isDeleted:":"true", "version":"1692142707306"}}
{"logTime": "0822/005700", "correlationVector":"EFQJFXmP+hYodva1937mC3.160","action":"GetUpdates", "result":"DeleteReceived", "context":{"id":"5e895c82-ddfb-4ca9-ae5c-37a9ac87fc26", "isDeleted:":"true", "version":"1692143142869"}}
{"logTime": "0822/005700", "correlationVector":"EFQJFXmP+hYodva1937mC3.161","action":"GetUpdates", "result":"DeleteReceived", "context":{"id":"702d7c78-77a6-4a4b-b9b1-6f3aacee2a89", "isDeleted:":"true", "version":"1692143142872"}}
{"logTime": "0822/005700", "correlationVector":"EFQJFXmP+hYodva1937mC3.162","action":"GetUpdates", "result":"DeleteReceived", "context":{"id":"8297214f-4f3a-4376-9232-0dfd7f3e9156", "isDeleted:":"true", "version":"1692143142873"}}
{"logTime": "0822/005700", "correlationVector":"EFQJFXmP+hYodva1937mC3.163","action":"GetUpdates", "result":"DeleteReceived", "context":{"id":"3ad823f1-ac8b-4425-b66c-1c6d2f763891", "isDeleted:":"true", "version":"1692143142874"}}
{"logTime": "0822/005700", "correlationVector":"EFQJFXmP+hYodva1937mC3.164","action":"GetUpdates", "result":"DeleteReceived", "context":{"id":"37affaba-02cf-4f76-aabf-aaf63261be30", "isDeleted:":"true", "version":"1692143142875"}}
{"logTime": "0822/005700", "correlationVector":"EFQJFXmP+hYodva1937mC3.165","action":"GetUpdates", "result":"DeleteReceived", "context":{"id":"fd17ba30-026d-43c9-a1f9-889c45248e3a", "isDeleted:":"true", "version":"1692153649823"}}
{"logTime": "0822/005700", "correlationVector":"EFQJFXmP+hYodva1937mC3.166","action":"GetUpdates", "result":"DeleteReceived", "context":{"id":"029e9f8a-6fdf-4d9c-9c3e-efe7f5f59b5a", "isDeleted:":"true", "version":"1692153649824"}}
{"logTime": "0822/005700", "correlationVector":"EFQJFXmP+hYodva1937mC3.167","action":"GetUpdates", "result":"DeleteReceived", "context":{"id":"b9fe7b00-3a6e-4530-ac88-d031c66bda74", "isDeleted:":"true", "version":"1692153649826"}}
{"logTime": "0822/005700", "correlationVector":"EFQJFXmP+hYodva1937mC3.168","action":"GetUpdates", "result":"DeleteReceived", "context":{"id":"090ee495-a323-4f48-9065-63aa2705ade0", "isDeleted:":"true", "version":"1692153649827"}}
{"logTime": "0822/005700", "correlationVector":"EFQJFXmP+hYodva1937mC3.169","action":"GetUpdates", "result":"DeleteReceived", "context":{"id":"57769590-6665-4fc4-a383-02a757e46966", "isDeleted:":"true", "version":"1692153649828"}}
{"logTime": "0822/005700", "correlationVector":"EFQJFXmP+hYodva1937mC3.170","action":"GetUpdates", "result":"DeleteReceived", "context":{"id":"b990acf4-bb73-4fb2-97e2-628c8d91382d", "isDeleted:":"true", "version":"1692153649829"}}
{"logTime": "0822/005700", "correlationVector":"EFQJFXmP+hYodva1937mC3.171","action":"GetUpdates", "result":"DeleteReceived", "context":{"id":"da59a43e-6b3b-4c6c-b520-2e759e5a4409", "isDeleted:":"true", "version":"1692153649830"}}
{"logTime": "0822/005700", "correlationVector":"EFQJFXmP+hYodva1937mC3.172","action":"GetUpdates", "result":"DeleteReceived", "context":{"id":"ef0b67a3-3b54-4798-9860-4398add3977b", "isDeleted:":"true", "version":"1692155254616"}}
{"logTime": "0822/005700", "correlationVector":"EFQJFXmP+hYodva1937mC3.173","action":"GetUpdates", "result":"DeleteReceived", "context":{"id":"be083045-1413-428f-b7f0-8834609217e4", "isDeleted:":"true", "version":"1692155402298"}}
{"logTime": "0822/005700", "correlationVector":"EFQJFXmP+hYodva1937mC3.174","action":"GetUpdates", "result":"DeleteReceived", "context":{"id":"5f58b5c8-d934-4948-b9fd-60dbb3d0f523", "isDeleted:":"true", "version":"1692155487660"}}
{"logTime": "0822/005700", "correlationVector":"EFQJFXmP+hYodva1937mC3.175","action":"GetUpdates", "result":"DeleteReceived", "context":{"id":"54a04ece-b4c1-463a-82f2-220597c864a9", "isDeleted:":"true", "version":"1692192178769"}}
{"logTime": "0822/005700", "correlationVector":"EFQJFXmP+hYodva1937mC3.176","action":"GetUpdates", "result":"DeleteReceived", "context":{"id":"8aace755-5a23-46ca-be7b-0c9066f4ef8d", "isDeleted:":"true", "version":"1692192600543"}}
{"logTime": "0822/005700", "correlationVector":"EFQJFXmP+hYodva1937mC3.177","action":"GetUpdates", "result":"DeleteReceived", "context":{"id":"11ea7f3c-6b7d-4084-ade2-6a654b3d1101", "isDeleted:":"true", "version":"1692192600544"}}
{"logTime": "0822/005700", "correlationVector":"EFQJFXmP+hYodva1937mC3.178","action":"GetUpdates", "result":"DeleteReceived", "context":{"id":"8ede0bd4-415e-4825-9cbf-e904b32deea3", "isDeleted:":"true", "version":"1692192600546"}}
{"logTime": "0822/005700", "correlationVector":"EFQJFXmP+hYodva1937mC3.179","action":"GetUpdates", "result":"DeleteReceived", "context":{"id":"c66a5422-b202-4286-8085-bec8d6b75567", "isDeleted:":"true", "version":"1692192600547"}}
{"logTime": "0822/005700", "correlationVector":"EFQJFXmP+hYodva1937mC3.180","action":"GetUpdates", "result":"DeleteReceived", "context":{"id":"1cc2cc6a-729c-44e7-9071-74e4a5e69f15", "isDeleted:":"true", "version":"1692199673570"}}
{"logTime": "0822/005700", "correlationVector":"EFQJFXmP+hYodva1937mC3.181","action":"GetUpdates", "result":"DeleteReceived", "context":{"id":"7470d983-1990-4752-b77e-f4eb73858863", "isDeleted:":"true", "version":"1692199673571"}}
{"logTime": "0822/005700", "correlationVector":"EFQJFXmP+hYodva1937mC3.182","action":"GetUpdates", "result":"DeleteReceived", "context":{"id":"ec1d3fd2-bb4f-4af1-9d3e-c2effd9922ff", "isDeleted:":"true", "version":"1692208152037"}}
{"logTime": "0822/005700", "correlationVector":"EFQJFXmP+hYodva1937mC3.183","action":"GetUpdates", "result":"DeleteReceived", "context":{"id":"7e843a24-ac05-4aee-aee5-794b72068928", "isDeleted:":"true", "version":"1692208152038"}}
{"logTime": "0822/005700", "correlationVector":"EFQJFXmP+hYodva1937mC3.184","action":"GetUpdates", "result":"DeleteReceived", "context":{"id":"fb83c011-5bbf-43ef-aa26-567b7903b694", "isDeleted:":"true", "version":"1692208152039"}}
{"logTime": "0822/005700", "correlationVector":"EFQJFXmP+hYodva1937mC3.185","action":"GetUpdates", "result":"DeleteReceived", "context":{"id":"9811636e-557f-4095-a619-26ddcec13250", "isDeleted:":"true", "version":"1692208213298"}}
{"logTime": "0822/005700", "correlationVector":"EFQJFXmP+hYodva1937mC3.186","action":"GetUpdates", "result":"DeleteReceived", "context":{"id":"42f6a33d-3afa-4d74-a27a-baaa99a2ef6a", "isDeleted:":"true", "version":"1692220513256"}}
{"logTime": "0822/005700", "correlationVector":"EFQJFXmP+hYodva1937mC3.187","action":"GetUpdates", "result":"DeleteReceived", "context":{"id":"d3d66240-e868-40e9-8f04-d9b14c9e003f", "isDeleted:":"true", "version":"1692220513257"}}
{"logTime": "0822/005700", "correlationVector":"EFQJFXmP+hYodva1937mC3.188","action":"GetUpdates", "result":"DeleteReceived", "context":{"id":"3555a4e9-bf7e-4a59-8183-880bcdbaad39", "isDeleted:":"true", "version":"1692220513258"}}
{"logTime": "0822/005700", "correlationVector":"EFQJFXmP+hYodva1937mC3.189","action":"GetUpdates", "result":"DeleteReceived", "context":{"id":"d32d9048-149b-4590-8f1f-1c8a9755db5e", "isDeleted:":"true", "version":"1692223337591"}}
{"logTime": "0822/005700", "correlationVector":"EFQJFXmP+hYodva1937mC3.190","action":"GetUpdates", "result":"DeleteReceived", "context":{"id":"3020f2b0-1edc-4775-a776-b6bd9d544a80", "isDeleted:":"true", "version":"1692224247503"}}
{"logTime": "0822/005700", "correlationVector":"EFQJFXmP+hYodva1937mC3.191","action":"GetUpdates", "result":"DeleteReceived", "context":{"id":"5ed1719f-3cd5-49b8-83b4-539296d70735", "isDeleted:":"true", "version":"1692225769607"}}
{"logTime": "0822/005700", "correlationVector":"EFQJFXmP+hYodva1937mC3.192","action":"GetUpdates", "result":"DeleteReceived", "context":{"id":"8f6d2bcd-94e4-4f81-b1e2-7460952594d1", "isDeleted:":"true", "version":"1692226432722"}}
{"logTime": "0822/005700", "correlationVector":"EFQJFXmP+hYodva1937mC3.193","action":"GetUpdates", "result":"DeleteReceived", "context":{"id":"28d280f0-7b4e-406b-8295-559bb47881e2", "isDeleted:":"true", "version":"1692226432724"}}
{"logTime": "0822/005700", "correlationVector":"EFQJFXmP+hYodva1937mC3.194","action":"GetUpdates", "result":"DeleteReceived", "context":{"id":"7a03dcfd-b8cc-4cba-8731-55c01ae935fc", "isDeleted:":"true", "version":"1692226432725"}}
{"logTime": "0822/005700", "correlationVector":"EFQJFXmP+hYodva1937mC3.195","action":"GetUpdates", "result":"DeleteReceived", "context":{"id":"1d42d16c-0b3f-4747-b9c9-458b662f3914", "isDeleted:":"true", "version":"1692226432726"}}
{"logTime": "0822/005700", "correlationVector":"EFQJFXmP+hYodva1937mC3.196","action":"GetUpdates", "result":"DeleteReceived", "context":{"id":"be1fdd29-3244-490b-844c-3cc0f7aa07f1", "isDeleted:":"true", "version":"1692226432727"}}
{"logTime": "0822/005700", "correlationVector":"EFQJFXmP+hYodva1937mC3.197","action":"GetUpdates", "result":"DeleteReceived", "context":{"id":"6ca58164-a370-4827-b64b-b798674d31e0", "isDeleted:":"true", "version":"1692226432728"}}
{"logTime": "0822/005700", "correlationVector":"EFQJFXmP+hYodva1937mC3.198","action":"GetUpdates", "result":"DeleteReceived", "context":{"id":"ca82e24a-d8a6-4ab0-86d3-07a1058f95df", "isDeleted:":"true", "version":"1692227370796"}}
{"logTime": "0822/005700", "correlationVector":"EFQJFXmP+hYodva1937mC3.199","action":"GetUpdates", "result":"DeleteReceived", "context":{"id":"fc2949b0-1f43-4858-9672-1cc3e4a745fa", "isDeleted:":"true", "version":"1692229771932"}}
{"logTime": "0822/005700", "correlationVector":"EFQJFXmP+hYodva1937mC3.200","action":"GetUpdates", "result":"DeleteReceived", "context":{"id":"1db0d139-7e22-4e17-aae2-0cc0efb082aa", "isDeleted:":"true", "version":"1692229771933"}}
{"logTime": "0822/005700", "correlationVector":"EFQJFXmP+hYodva1937mC3.201","action":"GetUpdates", "result":"DeleteReceived", "context":{"id":"b925bbe2-bf15-4e79-8fd7-c73648472bc8", "isDeleted:":"true", "version":"1692229771934"}}
{"logTime": "0822/005700", "correlationVector":"EFQJFXmP+hYodva1937mC3.202","action":"GetUpdates", "result":"DeleteReceived", "context":{"id":"61890c19-d0f5-4451-a736-9a7a1cb6f79c", "isDeleted:":"true", "version":"1692229771936"}}
{"logTime": "0822/005700", "correlationVector":"EFQJFXmP+hYodva1937mC3.203","action":"GetUpdates", "result":"DeleteReceived", "context":{"id":"d1f7e04d-2f6b-43ab-9db9-7e8320786bc6", "isDeleted:":"true", "version":"1692229771937"}}
{"logTime": "0822/005700", "correlationVector":"EFQJFXmP+hYodva1937mC3.204","action":"GetUpdates", "result":"DeleteReceived", "context":{"id":"701808e6-21f5-4dec-a2fc-870e9266771b", "isDeleted:":"true", "version":"1692229771938"}}
{"logTime": "0822/005700", "correlationVector":"EFQJFXmP+hYodva1937mC3.205","action":"GetUpdates", "result":"DeleteReceived", "context":{"id":"ac60fc94-eb94-44c7-9c35-8137d86f16f7", "isDeleted:":"true", "version":"1692229771940"}}
{"logTime": "0822/005700", "correlationVector":"EFQJFXmP+hYodva1937mC3.206","action":"GetUpdates", "result":"DeleteReceived", "context":{"id":"f07194a2-04e2-40c0-bcd9-ff7c814d9db2", "isDeleted:":"true", "version":"1692230022041"}}
{"logTime": "0822/005700", "correlationVector":"EFQJFXmP+hYodva1937mC3.207","action":"GetUpdates", "result":"DeleteReceived", "context":{"id":"288d9b13-e86a-4b66-91ad-d80215d059b0", "isDeleted:":"true", "version":"1692230795605"}}
{"logTime": "0822/005700", "correlationVector":"EFQJFXmP+hYodva1937mC3.208","action":"GetUpdates", "result":"DeleteReceived", "context":{"id":"ecffbbc7-1be0-444f-891f-8e757931e59d", "isDeleted:":"true", "version":"1692230795606"}}
{"logTime": "0822/005700", "correlationVector":"EFQJFXmP+hYodva1937mC3.209","action":"GetUpdates", "result":"DeleteReceived", "context":{"id":"60afe509-f9c8-452b-8f63-d64bd67e10de", "isDeleted:":"true", "version":"1692277813386"}}
{"logTime": "0822/005700", "correlationVector":"EFQJFXmP+hYodva1937mC3.210","action":"GetUpdates Response", "result":"SERVER_MORE_TO_DOWNLOAD", "context":Received 250 update(s).  Some updates remain.}
{"logTime": "0822/005700", "correlationVector":"2+5q5QgOo+8Dy99ptAPQQ2","action":"Initial GetUpdates", "result":"", "context":Reason: RECONFIGURATION. cV=2+5q5QgOo+8Dy99ptAPQQ2}
{"logTime": "0822/005700", "correlationVector":"2+5q5QgOo+8Dy99ptAPQQ2.1","action":"SyncServerConnectionManagerRequest", "result":"SYNC_SERVER_OK", "context":{"environment":"Prod_EastUS2_000e", "migrationStage":"NotStarted", "server":"GENERAL0100002M"}}
{"logTime": "0822/005700", "correlationVector":"2+5q5QgOo+8Dy99ptAPQQ2.2","action":"GetUpdates", "result":"DeleteReceived", "context":{"id":"8ebf0f41-a14b-46e1-843e-3c3110cef012", "isDeleted:":"true", "version":"1692277813388"}}
{"logTime": "0822/005700", "correlationVector":"2+5q5QgOo+8Dy99ptAPQQ2.3","action":"GetUpdates", "result":"DeleteReceived", "context":{"id":"bbde4571-3324-4195-90f0-aa1c631048ab", "isDeleted:":"true", "version":"1692277826512"}}
{"logTime": "0822/005700", "correlationVector":"2+5q5QgOo+8Dy99ptAPQQ2.4","action":"GetUpdates", "result":"DeleteReceived", "context":{"id":"50fda7f0-c462-4809-bf8a-a8be71a4d572", "isDeleted:":"true", "version":"1692277826513"}}
{"logTime": "0822/005700", "correlationVector":"2+5q5QgOo+8Dy99ptAPQQ2.5","action":"GetUpdates", "result":"DeleteReceived", "context":{"id":"c5efde27-2c35-43e5-90c5-72299fff9390", "isDeleted:":"true", "version":"1692285171059"}}
{"logTime": "0822/005700", "correlationVector":"2+5q5QgOo+8Dy99ptAPQQ2.6","action":"GetUpdates", "result":"DeleteReceived", "context":{"id":"ffe26f08-e259-49df-ad12-7ad835e446c7", "isDeleted:":"true", "version":"1692285208901"}}
{"logTime": "0822/005700", "correlationVector":"2+5q5QgOo+8Dy99ptAPQQ2.7","action":"GetUpdates", "result":"DeleteReceived", "context":{"id":"10677846-05ea-408c-b9e0-34dcb0271f8f", "isDeleted:":"true", "version":"1692285604204"}}
{"logTime": "0822/005700", "correlationVector":"2+5q5QgOo+8Dy99ptAPQQ2.8","action":"GetUpdates", "result":"DeleteReceived", "context":{"id":"a5280a6c-edc6-4e82-b98d-262cfed4aaef", "isDeleted:":"true", "version":"1692304868708"}}
{"logTime": "0822/005700", "correlationVector":"2+5q5QgOo+8Dy99ptAPQQ2.9","action":"GetUpdates", "result":"DeleteReceived", "context":{"id":"5005f4c2-aa1d-4612-951f-0cb4b97689aa", "isDeleted:":"true", "version":"1692304868710"}}
{"logTime": "0822/005700", "correlationVector":"2+5q5QgOo+8Dy99ptAPQQ2.10","action":"GetUpdates", "result":"DeleteReceived", "context":{"id":"c5f97fa7-c7bd-41ef-8cee-2db2e2a84fa2", "isDeleted:":"true", "version":"1692304868711"}}
{"logTime": "0822/005700", "correlationVector":"2+5q5QgOo+8Dy99ptAPQQ2.11","action":"GetUpdates", "result":"DeleteReceived", "context":{"id":"4efe5173-dcb3-478c-9503-56414d664c8e", "isDeleted:":"true", "version":"1692309540848"}}
{"logTime": "0822/005700", "correlationVector":"2+5q5QgOo+8Dy99ptAPQQ2.12","action":"GetUpdates", "result":"DeleteReceived", "context":{"id":"1af9e458-4b6b-4e49-b380-f7abf97a22c5", "isDeleted:":"true", "version":"1692310770292"}}
{"logTime": "0822/005700", "correlationVector":"2+5q5QgOo+8Dy99ptAPQQ2.13","action":"GetUpdates", "result":"DeleteReceived", "context":{"id":"db799824-71b3-4dc2-85f9-080b65eb2573", "isDeleted:":"true", "version":"1692311923047"}}
{"logTime": "0822/005700", "correlationVector":"2+5q5QgOo+8Dy99ptAPQQ2.14","action":"GetUpdates", "result":"DeleteReceived", "context":{"id":"3e183fc1-7496-494c-9f05-09ff5974a6af", "isDeleted:":"true", "version":"1692311923048"}}
{"logTime": "0822/005700", "correlationVector":"2+5q5QgOo+8Dy99ptAPQQ2.15","action":"GetUpdates", "result":"DeleteReceived", "context":{"id":"85b70db9-09ab-43d1-846f-c171cbc2fca3", "isDeleted:":"true", "version":"1692311923049"}}
{"logTime": "0822/005700", "correlationVector":"2+5q5QgOo+8Dy99ptAPQQ2.16","action":"GetUpdates", "result":"DeleteReceived", "context":{"id":"15e1b64c-0a63-4fd3-aa01-927dcb2b590a", "isDeleted:":"true", "version":"1692311953445"}}
{"logTime": "0822/005700", "correlationVector":"2+5q5QgOo+8Dy99ptAPQQ2.17","action":"GetUpdates", "result":"DeleteReceived", "context":{"id":"be8fb2a8-8401-41f5-9430-b05ebeb61be1", "isDeleted:":"true", "version":"1692312014131"}}
{"logTime": "0822/005700", "correlationVector":"2+5q5QgOo+8Dy99ptAPQQ2.18","action":"GetUpdates", "result":"DeleteReceived", "context":{"id":"96483b15-29f3-4345-a5e4-113078a6d4d3", "isDeleted:":"true", "version":"1692314596545"}}
{"logTime": "0822/005700", "correlationVector":"2+5q5QgOo+8Dy99ptAPQQ2.19","action":"GetUpdates", "result":"DeleteReceived", "context":{"id":"4b8107f0-0d11-49b0-ad38-0865ff6b1f07", "isDeleted:":"true", "version":"1692314596547"}}
{"logTime": "0822/005700", "correlationVector":"2+5q5QgOo+8Dy99ptAPQQ2.20","action":"GetUpdates", "result":"DeleteReceived", "context":{"id":"6f1b8633-bd86-48a2-9472-cdd23279d2ef", "isDeleted:":"true", "version":"1692314596548"}}
{"logTime": "0822/005700", "correlationVector":"2+5q5QgOo+8Dy99ptAPQQ2.21","action":"GetUpdates", "result":"DeleteReceived", "context":{"id":"216f0ef8-b394-4e4e-a32c-acafc481c88c", "isDeleted:":"true", "version":"1692314596549"}}
{"logTime": "0822/005700", "correlationVector":"2+5q5QgOo+8Dy99ptAPQQ2.22","action":"GetUpdates", "result":"DeleteReceived", "context":{"id":"2e583f5a-ec64-4481-a8b0-e31b0058faf5", "isDeleted:":"true", "version":"1692318036910"}}
{"logTime": "0822/005700", "correlationVector":"2+5q5QgOo+8Dy99ptAPQQ2.23","action":"GetUpdates", "result":"DeleteReceived", "context":{"id":"d86b8761-ba81-439b-91a2-1f6731b1486c", "isDeleted:":"true", "version":"1692318036913"}}
{"logTime": "0822/005700", "correlationVector":"2+5q5QgOo+8Dy99ptAPQQ2.24","action":"GetUpdates", "result":"DeleteReceived", "context":{"id":"1ef84e72-c26f-4169-a2bc-fe32872e9b8f", "isDeleted:":"true", "version":"1692318036914"}}
{"logTime": "0822/005700", "correlationVector":"2+5q5QgOo+8Dy99ptAPQQ2.25","action":"GetUpdates", "result":"DeleteReceived", "context":{"id":"dd21a2d3-27e1-486a-8327-7b08bc0b544c", "isDeleted:":"true", "version":"1692318036915"}}
{"logTime": "0822/005700", "correlationVector":"2+5q5QgOo+8Dy99ptAPQQ2.26","action":"GetUpdates", "result":"DeleteReceived", "context":{"id":"b2e18373-fc57-4f67-811f-4b38c1f85896", "isDeleted:":"true", "version":"1692622855899"}}
{"logTime": "0822/005700", "correlationVector":"2+5q5QgOo+8Dy99ptAPQQ2.27","action":"GetUpdates", "result":"DeleteReceived", "context":{"id":"fcca9fad-b5f1-44e8-9dfa-aba5e0abca81", "isDeleted:":"true", "version":"1692622855900"}}
{"logTime": "0822/005700", "correlationVector":"2+5q5QgOo+8Dy99ptAPQQ2.28","action":"GetUpdates", "result":"DeleteReceived", "context":{"id":"28583e76-d207-4d9d-a511-2ce877091aff", "isDeleted:":"true", "version":"1692622855901"}}
{"logTime": "0822/005700", "correlationVector":"2+5q5QgOo+8Dy99ptAPQQ2.29","action":"GetUpdates", "result":"DeleteReceived", "context":{"id":"d358ce0c-5299-4b7e-9a9b-6261cf828b5e", "isDeleted:":"true", "version":"1692622855902"}}
{"logTime": "0822/005700", "correlationVector":"2+5q5QgOo+8Dy99ptAPQQ2.30","action":"GetUpdates", "result":"DeleteReceived", "context":{"id":"d65fbef2-2bdd-4fa5-9076-5a7dfd2c12d1", "isDeleted:":"true", "version":"1692622855904"}}
{"logTime": "0822/005700", "correlationVector":"2+5q5QgOo+8Dy99ptAPQQ2.31","action":"GetUpdates", "result":"DeleteReceived", "context":{"id":"a7989a77-4bb4-449e-acd7-fef50d3b503a", "isDeleted:":"true", "version":"1692622855905"}}
{"logTime": "0822/005700", "correlationVector":"2+5q5QgOo+8Dy99ptAPQQ2.32","action":"GetUpdates", "result":"DeleteReceived", "context":{"id":"7714e78d-d110-4007-baf2-3f6e3536702c", "isDeleted:":"true", "version":"1692623341720"}}
{"logTime": "0822/005700", "correlationVector":"2+5q5QgOo+8Dy99ptAPQQ2.33","action":"GetUpdates", "result":"DeleteReceived", "context":{"id":"bf1b62e0-b5ee-42b8-a7f2-85380caf49b6", "isDeleted:":"true", "version":"1692623414839"}}
{"logTime": "0822/005700", "correlationVector":"2+5q5QgOo+8Dy99ptAPQQ2.34","action":"GetUpdates", "result":"DeleteReceived", "context":{"id":"80c0a030-f624-46e4-b7ee-a35a6710fa4e", "isDeleted:":"true", "version":"1692623559272"}}
{"logTime": "0822/005700", "correlationVector":"2+5q5QgOo+8Dy99ptAPQQ2.35","action":"GetUpdates", "result":"DeleteReceived", "context":{"id":"7f9b3074-79d0-479d-84bc-d195331ea5fe", "isDeleted:":"true", "version":"1692623936728"}}
{"logTime": "0822/005700", "correlationVector":"2+5q5QgOo+8Dy99ptAPQQ2.36","action":"GetUpdates", "result":"DeleteReceived", "context":{"id":"d21ab450-9bc0-4323-8bc8-6200d854d4e9", "isDeleted:":"true", "version":"1692624679485"}}
{"logTime": "0822/005700", "correlationVector":"2+5q5QgOo+8Dy99ptAPQQ2.37","action":"GetUpdates", "result":"DeleteReceived", "context":{"id":"bc798815-e283-4794-8d83-60cf9b234a80", "isDeleted:":"true", "version":"1692624679488"}}
{"logTime": "0822/005700", "correlationVector":"2+5q5QgOo+8Dy99ptAPQQ2.38","action":"GetUpdates", "result":"DeleteReceived", "context":{"id":"b8133940-0dd1-4a4c-b565-dff1df129432", "isDeleted:":"true", "version":"1692624679489"}}
{"logTime": "0822/005700", "correlationVector":"2+5q5QgOo+8Dy99ptAPQQ2.39","action":"GetUpdates", "result":"DeleteReceived", "context":{"id":"5525152b-a0b0-4425-b248-80b2516f7c99", "isDeleted:":"true", "version":"1692624763217"}}
{"logTime": "0822/005700", "correlationVector":"2+5q5QgOo+8Dy99ptAPQQ2.40","action":"GetUpdates", "result":"DeleteReceived", "context":{"id":"b7cf7cd0-0b94-4542-83c9-00b01bc3621f", "isDeleted:":"true", "version":"1692627067191"}}
{"logTime": "0822/005700", "correlationVector":"2+5q5QgOo+8Dy99ptAPQQ2.41","action":"GetUpdates", "result":"DeleteReceived", "context":{"id":"a24594d0-039d-434d-9f09-7be9d2d7200e", "isDeleted:":"true", "version":"1692627660953"}}
{"logTime": "0822/005700", "correlationVector":"2+5q5QgOo+8Dy99ptAPQQ2.42","action":"GetUpdates", "result":"DeleteReceived", "context":{"id":"a9342de7-2007-46cb-8fa3-8d9f91fe3082", "isDeleted:":"true", "version":"1692633078460"}}
{"logTime": "0822/005700", "correlationVector":"2+5q5QgOo+8Dy99ptAPQQ2.43","action":"GetUpdates", "result":"DeleteReceived", "context":{"id":"1888d052-1280-45aa-b0cf-116df876251b", "isDeleted:":"true", "version":"1692633207473"}}
{"logTime": "0822/005700", "correlationVector":"2+5q5QgOo+8Dy99ptAPQQ2.44","action":"GetUpdates", "result":"DeleteReceived", "context":{"id":"eb7ca07f-f48d-4647-81ae-48425ff32ef8", "isDeleted:":"true", "version":"1692633293464"}}
{"logTime": "0822/005700", "correlationVector":"2+5q5QgOo+8Dy99ptAPQQ2.45","action":"GetUpdates", "result":"DeleteReceived", "context":{"id":"13cf2442-38e9-4da4-9c33-4ba1f83503cc", "isDeleted:":"true", "version":"1692633606336"}}
{"logTime": "0822/005700", "correlationVector":"2+5q5QgOo+8Dy99ptAPQQ2.46","action":"GetUpdates", "result":"DeleteReceived", "context":{"id":"d690c277-e4d2-49b7-a0b6-0f111770164f", "isDeleted:":"true", "version":"1692633606338"}}
{"logTime": "0822/005700", "correlationVector":"2+5q5QgOo+8Dy99ptAPQQ2.47","action":"GetUpdates", "result":"DeleteReceived", "context":{"id":"e2da18f4-2af5-4098-9fd4-7012677cb96e", "isDeleted:":"true", "version":"1692633641789"}}
{"logTime": "0822/005700", "correlationVector":"2+5q5QgOo+8Dy99ptAPQQ2.48","action":"GetUpdates", "result":"DeleteReceived", "context":{"id":"3dbd9376-f7be-4c09-a95a-9cb2fcf9307f", "isDeleted:":"true", "version":"1692633769886"}}
{"logTime": "0822/005700", "correlationVector":"2+5q5QgOo+8Dy99ptAPQQ2.49","action":"GetUpdates", "result":"DeleteReceived", "context":{"id":"57384973-437b-4b46-a538-e7f9b33f9860", "isDeleted:":"true", "version":"1692634031812"}}
{"logTime": "0822/005700", "correlationVector":"2+5q5QgOo+8Dy99ptAPQQ2.50","action":"GetUpdates", "result":"DeleteReceived", "context":{"id":"7d1e57eb-92f4-4e90-9b8b-1b0b8ea018e6", "isDeleted:":"true", "version":"1692635586859"}}
{"logTime": "0822/005700", "correlationVector":"2+5q5QgOo+8Dy99ptAPQQ2.51","action":"GetUpdates", "result":"DeleteReceived", "context":{"id":"774acb05-6208-40cc-9408-9514ef2e8e9a", "isDeleted:":"true", "version":"1692635586860"}}
{"logTime": "0822/005700", "correlationVector":"2+5q5QgOo+8Dy99ptAPQQ2.52","action":"GetUpdates", "result":"DeleteReceived", "context":{"id":"bcc11a69-6a83-4a29-9b93-6a3520c39a0d", "isDeleted:":"true", "version":"1692635586862"}}
{"logTime": "0822/005700", "correlationVector":"2+5q5QgOo+8Dy99ptAPQQ2.53","action":"GetUpdates", "result":"DeleteReceived", "context":{"id":"157f741b-c373-4c30-a885-d7acb22ed3fb", "isDeleted:":"true", "version":"1692636872718"}}
{"logTime": "0822/005700", "correlationVector":"2+5q5QgOo+8Dy99ptAPQQ2.54","action":"GetUpdates", "result":"DeleteReceived", "context":{"id":"a32cce87-c4b2-4655-b4b1-af6aa4395e40", "isDeleted:":"true", "version":"1692638009925"}}
{"logTime": "0822/005700", "correlationVector":"2+5q5QgOo+8Dy99ptAPQQ2.55","action":"GetUpdates", "result":"DeleteReceived", "context":{"id":"f5ff435d-bf82-4d43-8afb-0ec594a40a1d", "isDeleted:":"true", "version":"1692638072066"}}
{"logTime": "0822/005700", "correlationVector":"2+5q5QgOo+8Dy99ptAPQQ2.56","action":"GetUpdates", "result":"DeleteReceived", "context":{"id":"c092b7ad-2cff-41cd-a424-9f2798d20569", "isDeleted:":"true", "version":"1692639325516"}}
{"logTime": "0822/005700", "correlationVector":"2+5q5QgOo+8Dy99ptAPQQ2.57","action":"GetUpdates", "result":"DeleteReceived", "context":{"id":"37de54d0-2635-40cc-91ce-cf6cd8602af2", "isDeleted:":"true", "version":"1692639325518"}}
{"logTime": "0822/005700", "correlationVector":"2+5q5QgOo+8Dy99ptAPQQ2.58","action":"GetUpdates", "result":"DeleteReceived", "context":{"id":"e1498931-21f6-49e2-844f-2b3cbd32b1e1", "isDeleted:":"true", "version":"1692640078931"}}
{"logTime": "0822/005700", "correlationVector":"2+5q5QgOo+8Dy99ptAPQQ2.59","action":"GetUpdates", "result":"DeleteReceived", "context":{"id":"73ac67b8-e060-4217-b37f-c71758af7b67", "isDeleted:":"true", "version":"1692640250571"}}
{"logTime": "0822/005700", "correlationVector":"2+5q5QgOo+8Dy99ptAPQQ2.60","action":"GetUpdates", "result":"DeleteReceived", "context":{"id":"25333b40-c0ad-441e-8ce0-072ecb2745e8", "isDeleted:":"true", "version":"1692640250573"}}
{"logTime": "0822/005700", "correlationVector":"2+5q5QgOo+8Dy99ptAPQQ2.61","action":"GetUpdates", "result":"DeleteReceived", "context":{"id":"720b6368-c586-49f8-a571-743017af7754", "isDeleted:":"true", "version":"1692640250574"}}
{"logTime": "0822/005700", "correlationVector":"2+5q5QgOo+8Dy99ptAPQQ2.62","action":"GetUpdates", "result":"DeleteReceived", "context":{"id":"6c424b15-fa4f-47b4-a05a-65adf94edf02", "isDeleted:":"true", "version":"1692640250575"}}
{"logTime": "0822/005700", "correlationVector":"2+5q5QgOo+8Dy99ptAPQQ2.63","action":"GetUpdates", "result":"DeleteReceived", "context":{"id":"5945596e-2072-49d1-aa19-6229f49288df", "isDeleted:":"true", "version":"1692640273249"}}
{"logTime": "0822/005700", "correlationVector":"2+5q5QgOo+8Dy99ptAPQQ2.64","action":"GetUpdates", "result":"DeleteReceived", "context":{"id":"e27971fb-556a-4cfd-a4ff-526bdd5a6ca1", "isDeleted:":"true", "version":"1692640345016"}}
{"logTime": "0822/005700", "correlationVector":"2+5q5QgOo+8Dy99ptAPQQ2.65","action":"GetUpdates", "result":"DeleteReceived", "context":{"id":"54e592e8-19bd-4ec9-b1a7-e14ac76ffb92", "isDeleted:":"true", "version":"1692640478347"}}
{"logTime": "0822/005700", "correlationVector":"2+5q5QgOo+8Dy99ptAPQQ2.66","action":"GetUpdates", "result":"DeleteReceived", "context":{"id":"9f5aab43-0cea-49b9-8424-e4f38aa6f386", "isDeleted:":"true", "version":"1692648600764"}}
{"logTime": "0822/005700", "correlationVector":"2+5q5QgOo+8Dy99ptAPQQ2.67","action":"GetUpdates", "result":"DeleteReceived", "context":{"id":"352f5730-5bb9-4e6d-905f-0e3eede137a8", "isDeleted:":"true", "version":"1692648722943"}}
{"logTime": "0822/005700", "correlationVector":"2+5q5QgOo+8Dy99ptAPQQ2.68","action":"GetUpdates", "result":"DeleteReceived", "context":{"id":"411e2fff-a719-40a7-a248-5dd883d3bcd4", "isDeleted:":"true", "version":"1692648876445"}}
{"logTime": "0822/005700", "correlationVector":"2+5q5QgOo+8Dy99ptAPQQ2.69","action":"GetUpdates", "result":"DeleteReceived", "context":{"id":"c06b0fe3-9ac8-4d1f-902e-245b013344d4", "isDeleted:":"true", "version":"1692648914135"}}
{"logTime": "0822/005700", "correlationVector":"2+5q5QgOo+8Dy99ptAPQQ2.70","action":"GetUpdates", "result":"DeleteReceived", "context":{"id":"2133e52f-c3ba-48bd-8d7e-bb6c2f3088c0", "isDeleted:":"true", "version":"1692648953887"}}
{"logTime": "0822/005700", "correlationVector":"2+5q5QgOo+8Dy99ptAPQQ2.71","action":"GetUpdates", "result":"DeleteReceived", "context":{"id":"d2e53dbc-0128-4d20-9f18-040bf46e0e62", "isDeleted:":"true", "version":"1692650878038"}}
{"logTime": "0822/005700", "correlationVector":"2+5q5QgOo+8Dy99ptAPQQ2.72","action":"GetUpdates", "result":"DeleteReceived", "context":{"id":"18da3316-8910-4ef5-bc52-93c7b742339d", "isDeleted:":"true", "version":"1692651792038"}}
{"logTime": "0822/005700", "correlationVector":"2+5q5QgOo+8Dy99ptAPQQ2.73","action":"GetUpdates", "result":"DeleteReceived", "context":{"id":"cd06bab2-f4e7-4299-aba5-ef8a18a5da71", "isDeleted:":"true", "version":"1692652239849"}}
{"logTime": "0822/005700", "correlationVector":"2+5q5QgOo+8Dy99ptAPQQ2.74","action":"GetUpdates", "result":"DeleteReceived", "context":{"id":"92d25ab5-119f-42b7-8acf-cea70c9fd07f", "isDeleted:":"true", "version":"1692652544114"}}
{"logTime": "0822/005700", "correlationVector":"2+5q5QgOo+8Dy99ptAPQQ2.75","action":"GetUpdates", "result":"DeleteReceived", "context":{"id":"f32c9029-cead-41dc-88e0-2f65b26403af", "isDeleted:":"true", "version":"1692652544115"}}
{"logTime": "0822/005700", "correlationVector":"2+5q5QgOo+8Dy99ptAPQQ2.76","action":"GetUpdates", "result":"DeleteReceived", "context":{"id":"e15d80cc-dd6d-4404-97a4-a55f643440e6", "isDeleted:":"true", "version":"1692652544117"}}
{"logTime": "0822/005700", "correlationVector":"2+5q5QgOo+8Dy99ptAPQQ2.77","action":"GetUpdates", "result":"DeleteReceived", "context":{"id":"ac8f8362-cc3f-4543-aac2-15865e8eabe5", "isDeleted:":"true", "version":"1692652544118"}}
{"logTime": "0822/005700", "correlationVector":"2+5q5QgOo+8Dy99ptAPQQ2.78","action":"GetUpdates", "result":"DeleteReceived", "context":{"id":"570f144f-ee01-49b0-951e-6f9645888c4a", "isDeleted:":"true", "version":"1692657605442"}}
{"logTime": "0822/005700", "correlationVector":"2+5q5QgOo+8Dy99ptAPQQ2.79","action":"GetUpdates", "result":"DeleteReceived", "context":{"id":"543242ba-93d7-48e3-9e9f-01aa75103535", "isDeleted:":"true", "version":"1692661450647"}}
{"logTime": "0822/005700", "correlationVector":"2+5q5QgOo+8Dy99ptAPQQ2.80","action":"GetUpdates", "result":"DeleteReceived", "context":{"id":"5d94f961-886f-4c57-a64e-5b8eb882cd48", "isDeleted:":"true", "version":"1692661450649"}}
{"logTime": "0822/005700", "correlationVector":"2+5q5QgOo+8Dy99ptAPQQ2.81","action":"GetUpdates", "result":"DeleteReceived", "context":{"id":"48e6b8ec-7d13-473a-a72d-da9996d228b3", "isDeleted:":"true", "version":"1692661450650"}}
{"logTime": "0822/005700", "correlationVector":"2+5q5QgOo+8Dy99ptAPQQ2.82","action":"GetUpdates", "result":"DeleteReceived", "context":{"id":"6e18c199-ec46-4f5c-837a-01d7908d510d", "isDeleted:":"true", "version":"1692661450651"}}
{"logTime": "0822/005700", "correlationVector":"2+5q5QgOo+8Dy99ptAPQQ2.83","action":"GetUpdates", "result":"DeleteReceived", "context":{"id":"7d6312ec-3678-47ea-a5b1-9f121ea7213e", "isDeleted:":"true", "version":"1692661450652"}}
{"logTime": "0822/005700", "correlationVector":"2+5q5QgOo+8Dy99ptAPQQ2.84","action":"GetUpdates", "result":"DeleteReceived", "context":{"id":"695a92f5-760a-40b7-8424-0b9715e7d857", "isDeleted:":"true", "version":"1692662963467"}}
{"logTime": "0822/005700", "correlationVector":"2+5q5QgOo+8Dy99ptAPQQ2.85","action":"GetUpdates", "result":"DeleteReceived", "context":{"id":"5d63af4e-95c8-4055-8c59-9d7034bb7f35", "isDeleted:":"true", "version":"1692662963469"}}
{"logTime": "0822/005700", "correlationVector":"2+5q5QgOo+8Dy99ptAPQQ2.86","action":"GetUpdates", "result":"DeleteReceived", "context":{"id":"90bba7c4-d986-4524-9a3c-7244674f53e4", "isDeleted:":"true", "version":"1692662963470"}}
{"logTime": "0822/005700", "correlationVector":"2+5q5QgOo+8Dy99ptAPQQ2.87","action":"GetUpdates", "result":"DeleteReceived", "context":{"id":"8daf85c2-8833-4de8-841c-62296c9a3fdd", "isDeleted:":"true", "version":"1692662963471"}}
{"logTime": "0822/005700", "correlationVector":"2+5q5QgOo+8Dy99ptAPQQ2.88","action":"GetUpdates", "result":"DeleteReceived", "context":{"id":"cb3d8371-ffc0-40cd-8b7d-5ab22c97bd1a", "isDeleted:":"true", "version":"1692662963472"}}
{"logTime": "0822/005700", "correlationVector":"2+5q5QgOo+8Dy99ptAPQQ2.89","action":"GetUpdates", "result":"DeleteReceived", "context":{"id":"29879e06-2e00-4de1-afbb-23e967424715", "isDeleted:":"true", "version":"1692663746336"}}
{"logTime": "0822/005700", "correlationVector":"2+5q5QgOo+8Dy99ptAPQQ2.90","action":"GetUpdates", "result":"DeleteReceived", "context":{"id":"df5b91e8-b3a6-4603-ae9b-84c7c4ec5fe4", "isDeleted:":"true", "version":"1692663759066"}}
{"logTime": "0822/005700", "correlationVector":"2+5q5QgOo+8Dy99ptAPQQ2.91","action":"GetUpdates", "result":"DeleteReceived", "context":{"id":"37d9d7f7-1918-4adc-9aff-d8366dc1cf5f", "isDeleted:":"true", "version":"1692663924352"}}
{"logTime": "0822/005700", "correlationVector":"2+5q5QgOo+8Dy99ptAPQQ2.92","action":"GetUpdates", "result":"DeleteReceived", "context":{"id":"8f60943c-11cd-4f12-ad77-97c753f66f32", "isDeleted:":"true", "version":"1692664004873"}}
{"logTime": "0822/005700", "correlationVector":"2+5q5QgOo+8Dy99ptAPQQ2.93","action":"GetUpdates", "result":"DeleteReceived", "context":{"id":"bce25a66-f389-4452-9211-feb9faf5ac51", "isDeleted:":"true", "version":"1692664004874"}}
{"logTime": "0822/005700", "correlationVector":"2+5q5QgOo+8Dy99ptAPQQ2.94","action":"GetUpdates", "result":"DeleteReceived", "context":{"id":"c5a4496d-d979-4c72-ba87-88ae09e5cf74", "isDeleted:":"true", "version":"1692664101081"}}
{"logTime": "0822/005700", "correlationVector":"2+5q5QgOo+8Dy99ptAPQQ2.95","action":"GetUpdates", "result":"DeleteReceived", "context":{"id":"859da85f-4838-46e7-b598-d1700d98a4df", "isDeleted:":"true", "version":"1692664132025"}}
{"logTime": "0822/005700", "correlationVector":"2+5q5QgOo+8Dy99ptAPQQ2.96","action":"GetUpdates", "result":"DeleteReceived", "context":{"id":"e1e95292-3a76-4883-866e-323e5c7c00a6", "isDeleted:":"true", "version":"1692664292632"}}
{"logTime": "0822/005700", "correlationVector":"2+5q5QgOo+8Dy99ptAPQQ2.97","action":"GetUpdates Response", "result":"SYNCER_OK", "context":Received 151 update(s). cV=2+5q5QgOo+8Dy99ptAPQQ2.0;server=GENERAL0100002M;cloudType=Consumer;environment=Prod_EastUS2_000e;migrationStage=NotStarted}
{"logTime": "0822/005700", "correlationVector":"XgUmUIisZ6JqNX0D5sfFk0","action":"Normal GetUpdate request", "result":"", "context":cV=XgUmUIisZ6JqNX0D5sfFk0
Nudged types: Typed URLs, Sessions, Device Info
Notified types: Preferences
Refresh requested types: Bookmarks, Preferences, Passwords, Autofill Profiles, Autofill, Autofill Custom Data, Typed URLs, Extensions, Sessions, Extension settings, History Delete Directives, Device Info, User Consents, Send Tab To Self, Web Apps, Collection, Edge E Drop, Edge Hub App Usage, Encryption Keys}
{"logTime": "0822/005700", "correlationVector":"XgUmUIisZ6JqNX0D5sfFk0.1","action":"SyncServerConnectionManagerRequest", "result":"SYNC_SERVER_OK", "context":{"environment":"Prod_EastUS2_000e", "migrationStage":"NotStarted", "server":"GENERAL01000030"}}
{"logTime": "0822/005700", "correlationVector":"XgUmUIisZ6JqNX0D5sfFk0.2","action":"GetUpdates Response", "result":"SYNCER_OK", "context":Received 1 update(s). cV=XgUmUIisZ6JqNX0D5sfFk0.0;server=GENERAL01000030;cloudType=Consumer;environment=Prod_EastUS2_000e;migrationStage=NotStarted}
{"logTime": "0822/005700", "correlationVector":"g4OdrEzfL7b74iRXuKOAOt","action":"Commit Request", "result":"", "context":Item count: 1
Contributing types: Device Info}
{"logTime": "0822/005700", "correlationVector":"g4OdrEzfL7b74iRXuKOAOt.1","action":"SyncServerConnectionManagerRequest", "result":"SYNC_SERVER_OK", "context":{"environment":"Prod_EastUS2_000e", "migrationStage":"NotStarted", "server":"GENERAL0100001T"}}
{"logTime": "0822/005700", "correlationVector":"g4OdrEzfL7b74iRXuKOAOt.2","action":"Commit Response", "result":"SYNCER_OK", "context":Result: SYNCER_OK. cV=g4OdrEzfL7b74iRXuKOAOt.0;server=GENERAL0100001T;cloudType=Consumer;environment=Prod_EastUS2_000e;migrationStage=NotStarted}
{"logTime": "0822/005700", "correlationVector":"C9FKOWFDD/c3KXHMX5wufA","action":"Commit Request", "result":"", "context":Item count: 20
Contributing types: Typed URLs, Sessions}
{"logTime": "0822/005700", "correlationVector":"C9FKOWFDD/c3KXHMX5wufA.1","action":"SyncServerConnectionManagerRequest", "result":"SYNC_SERVER_OK", "context":{"environment":"Prod_EastUS2_000e", "migrationStage":"NotStarted", "server":"GENERAL01000010"}}
{"logTime": "0822/005700", "correlationVector":"C9FKOWFDD/c3KXHMX5wufA.2","action":"Commit Response", "result":"SYNCER_OK", "context":Result: SYNCER_OK. cV=C9FKOWFDD/c3KXHMX5wufA.0;server=GENERAL01000010;cloudType=Consumer;environment=Prod_EastUS2_000e;migrationStage=NotStarted}
{"logTime": "0822/005700", "correlationVector":"vKVxCXmA6IV7dTtdry5zPc","action":"Commit Request", "result":"", "context":Item count: 1
Contributing types: Sessions}
{"logTime": "0822/005700", "correlationVector":"vKVxCXmA6IV7dTtdry5zPc.1","action":"SyncServerConnectionManagerRequest", "result":"SYNC_SERVER_OK", "context":{"environment":"Prod_EastUS2_000e", "migrationStage":"NotStarted", "server":"GENERAL01000017"}}
{"logTime": "0822/005700", "correlationVector":"vKVxCXmA6IV7dTtdry5zPc.2","action":"Commit Response", "result":"SYNCER_OK", "context":Result: SYNCER_OK. cV=vKVxCXmA6IV7dTtdry5zPc.0;server=GENERAL01000017;cloudType=Consumer;environment=Prod_EastUS2_000e;migrationStage=NotStarted}
